Analysis & Synthesis report for p_10_1
Tue Nov 28 22:14:49 2023
Quartus Prime Version 22.1std.1 Build 917 02/14/2023 SC Lite Edition


---------------------
; Table of Contents ;
---------------------
  1. Legal Notice
  2. Analysis & Synthesis Summary
  3. Analysis & Synthesis Settings
  4. Parallel Compilation
  5. Analysis & Synthesis Source Files Read
  6. Analysis & Synthesis Resource Usage Summary
  7. Analysis & Synthesis Resource Utilization by Entity
  8. User-Specified and Inferred Latches
  9. General Register Statistics
 10. Multiplexer Restructuring Statistics (Restructuring Performed)
 11. Parameter Settings for User Entity Instance: Top-level Entity: |p_10_1
 12. Parameter Settings for User Entity Instance: register_N_bit:register1
 13. Parameter Settings for User Entity Instance: register_N_bit:register2
 14. Parameter Settings for User Entity Instance: ALU:alu
 15. Parameter Settings for User Entity Instance: seg_controler:seg_control
 16. Parameter Settings for Inferred Entity Instance: seg_controler:seg_control|lpm_divide:Mod0
 17. Parameter Settings for Inferred Entity Instance: seg_controler:seg_control|lpm_divide:Div1
 18. Parameter Settings for Inferred Entity Instance: seg_controler:seg_control|lpm_divide:Div0
 19. Post-Synthesis Netlist Statistics for Top Partition
 20. Elapsed Time Per Partition
 21. Analysis & Synthesis Messages



----------------
; Legal Notice ;
----------------
Copyright (C) 2023  Intel Corporation. All rights reserved.
Your use of Intel Corporation's design tools, logic functions 
and other software and tools, and any partner logic 
functions, and any output files from any of the foregoing 
(including device programming or simulation files), and any 
associated documentation or information are expressly subject 
to the terms and conditions of the Intel Program License 
Subscription Agreement, the Intel Quartus Prime License Agreement,
the Intel FPGA IP License Agreement, or other applicable license
agreement, including, without limitation, that your use is for
the sole purpose of programming logic devices manufactured by
Intel and sold by Intel or its authorized distributors.  Please
refer to the applicable agreement for further details, at
https://fpgasoftware.intel.com/eula.



+----------------------------------------------------------------------------------+
; Analysis & Synthesis Summary                                                     ;
+---------------------------------+------------------------------------------------+
; Analysis & Synthesis Status     ; Successful - Tue Nov 28 22:14:49 2023          ;
; Quartus Prime Version           ; 22.1std.1 Build 917 02/14/2023 SC Lite Edition ;
; Revision Name                   ; p_10_1                                         ;
; Top-level Entity Name           ; p_10_1                                         ;
; Family                          ; Cyclone V                                      ;
; Logic utilization (in ALMs)     ; N/A                                            ;
; Total registers                 ; 0                                              ;
; Total pins                      ; 30                                             ;
; Total virtual pins              ; 0                                              ;
; Total block memory bits         ; 0                                              ;
; Total DSP Blocks                ; 0                                              ;
; Total HSSI RX PCSs              ; 0                                              ;
; Total HSSI PMA RX Deserializers ; 0                                              ;
; Total HSSI TX PCSs              ; 0                                              ;
; Total HSSI PMA TX Serializers   ; 0                                              ;
; Total PLLs                      ; 0                                              ;
; Total DLLs                      ; 0                                              ;
+---------------------------------+------------------------------------------------+


+---------------------------------------------------------------------------------------------------------------------------+
; Analysis & Synthesis Settings                                                                                             ;
+---------------------------------------------------------------------------------+--------------------+--------------------+
; Option                                                                          ; Setting            ; Default Value      ;
+---------------------------------------------------------------------------------+--------------------+--------------------+
; Device                                                                          ; 5CSEMA5F31C6       ;                    ;
; Top-level entity name                                                           ; p_10_1             ; p_10_1             ;
; Family name                                                                     ; Cyclone V          ; Cyclone V          ;
; Use smart compilation                                                           ; Off                ; Off                ;
; Enable parallel Assembler and Timing Analyzer during compilation                ; On                 ; On                 ;
; Enable compact report table                                                     ; Off                ; Off                ;
; Restructure Multiplexers                                                        ; Auto               ; Auto               ;
; MLAB Add Timing Constraints For Mixed-Port Feed-Through Mode Setting Don't Care ; Off                ; Off                ;
; Create Debugging Nodes for IP Cores                                             ; Off                ; Off                ;
; Preserve fewer node names                                                       ; On                 ; On                 ;
; Intel FPGA IP Evaluation Mode                                                   ; Enable             ; Enable             ;
; Verilog Version                                                                 ; Verilog_2001       ; Verilog_2001       ;
; VHDL Version                                                                    ; VHDL_1993          ; VHDL_1993          ;
; State Machine Processing                                                        ; Auto               ; Auto               ;
; Safe State Machine                                                              ; Off                ; Off                ;
; Extract Verilog State Machines                                                  ; On                 ; On                 ;
; Extract VHDL State Machines                                                     ; On                 ; On                 ;
; Ignore Verilog initial constructs                                               ; Off                ; Off                ;
; Iteration limit for constant Verilog loops                                      ; 5000               ; 5000               ;
; Iteration limit for non-constant Verilog loops                                  ; 250                ; 250                ;
; Add Pass-Through Logic to Inferred RAMs                                         ; On                 ; On                 ;
; Infer RAMs from Raw Logic                                                       ; On                 ; On                 ;
; Parallel Synthesis                                                              ; On                 ; On                 ;
; DSP Block Balancing                                                             ; Auto               ; Auto               ;
; NOT Gate Push-Back                                                              ; On                 ; On                 ;
; Power-Up Don't Care                                                             ; On                 ; On                 ;
; Remove Redundant Logic Cells                                                    ; Off                ; Off                ;
; Remove Duplicate Registers                                                      ; On                 ; On                 ;
; Ignore CARRY Buffers                                                            ; Off                ; Off                ;
; Ignore CASCADE Buffers                                                          ; Off                ; Off                ;
; Ignore GLOBAL Buffers                                                           ; Off                ; Off                ;
; Ignore ROW GLOBAL Buffers                                                       ; Off                ; Off                ;
; Ignore LCELL Buffers                                                            ; Off                ; Off                ;
; Ignore SOFT Buffers                                                             ; On                 ; On                 ;
; Limit AHDL Integers to 32 Bits                                                  ; Off                ; Off                ;
; Optimization Technique                                                          ; Balanced           ; Balanced           ;
; Carry Chain Length                                                              ; 70                 ; 70                 ;
; Auto Carry Chains                                                               ; On                 ; On                 ;
; Auto Open-Drain Pins                                                            ; On                 ; On                 ;
; Perform WYSIWYG Primitive Resynthesis                                           ; Off                ; Off                ;
; Auto ROM Replacement                                                            ; On                 ; On                 ;
; Auto RAM Replacement                                                            ; On                 ; On                 ;
; Auto DSP Block Replacement                                                      ; On                 ; On                 ;
; Auto Shift Register Replacement                                                 ; Auto               ; Auto               ;
; Allow Shift Register Merging across Hierarchies                                 ; Auto               ; Auto               ;
; Auto Clock Enable Replacement                                                   ; On                 ; On                 ;
; Strict RAM Replacement                                                          ; Off                ; Off                ;
; Allow Synchronous Control Signals                                               ; On                 ; On                 ;
; Force Use of Synchronous Clear Signals                                          ; Off                ; Off                ;
; Auto Resource Sharing                                                           ; Off                ; Off                ;
; Allow Any RAM Size For Recognition                                              ; Off                ; Off                ;
; Allow Any ROM Size For Recognition                                              ; Off                ; Off                ;
; Allow Any Shift Register Size For Recognition                                   ; Off                ; Off                ;
; Use LogicLock Constraints during Resource Balancing                             ; On                 ; On                 ;
; Ignore translate_off and synthesis_off directives                               ; Off                ; Off                ;
; Timing-Driven Synthesis                                                         ; On                 ; On                 ;
; Report Parameter Settings                                                       ; On                 ; On                 ;
; Report Source Assignments                                                       ; On                 ; On                 ;
; Report Connectivity Checks                                                      ; On                 ; On                 ;
; Ignore Maximum Fan-Out Assignments                                              ; Off                ; Off                ;
; Synchronization Register Chain Length                                           ; 3                  ; 3                  ;
; Power Optimization During Synthesis                                             ; Normal compilation ; Normal compilation ;
; HDL message level                                                               ; Level2             ; Level2             ;
; Suppress Register Optimization Related Messages                                 ; Off                ; Off                ;
; Number of Removed Registers Reported in Synthesis Report                        ; 5000               ; 5000               ;
; Number of Swept Nodes Reported in Synthesis Report                              ; 5000               ; 5000               ;
; Number of Inverted Registers Reported in Synthesis Report                       ; 100                ; 100                ;
; Clock MUX Protection                                                            ; On                 ; On                 ;
; Auto Gated Clock Conversion                                                     ; Off                ; Off                ;
; Block Design Naming                                                             ; Auto               ; Auto               ;
; SDC constraint protection                                                       ; Off                ; Off                ;
; Synthesis Effort                                                                ; Auto               ; Auto               ;
; Shift Register Replacement - Allow Asynchronous Clear Signal                    ; On                 ; On                 ;
; Pre-Mapping Resynthesis Optimization                                            ; Off                ; Off                ;
; Analysis & Synthesis Message Level                                              ; Medium             ; Medium             ;
; Disable Register Merging Across Hierarchies                                     ; Auto               ; Auto               ;
; Resource Aware Inference For Block RAM                                          ; On                 ; On                 ;
; Automatic Parallel Synthesis                                                    ; On                 ; On                 ;
; Partial Reconfiguration Bitstream ID                                            ; Off                ; Off                ;
+---------------------------------------------------------------------------------+--------------------+--------------------+


+------------------------------------------+
; Parallel Compilation                     ;
+----------------------------+-------------+
; Processors                 ; Number      ;
+----------------------------+-------------+
; Number detected on machine ; 12          ;
; Maximum allowed            ; 6           ;
;                            ;             ;
; Average used               ; 1.00        ;
; Maximum used               ; 1           ;
;                            ;             ;
; Usage by Processor         ; % Time Used ;
;     Processor 1            ; 100.0%      ;
+----------------------------+-------------+


+-----------------------------------------------------------------------------------------------------------------------------------------------------------------------------+
; Analysis & Synthesis Source Files Read                                                                                                                                      ;
+----------------------------------+-----------------+------------------------------+-------------------------------------------------------------------------------+---------+
; File Name with User-Entered Path ; Used in Netlist ; File Type                    ; File Name with Absolute Path                                                  ; Library ;
+----------------------------------+-----------------+------------------------------+-------------------------------------------------------------------------------+---------+
; p_10_1.sv                        ; yes             ; User SystemVerilog HDL File  ; C:/Users/SFI19/Downloads/FPGA/10/10.1/p_10_1.sv                               ;         ;
; lpm_divide.tdf                   ; yes             ; Megafunction                 ; e:/intelfpga_lite/22.1std/quartus/libraries/megafunctions/lpm_divide.tdf      ;         ;
; abs_divider.inc                  ; yes             ; Megafunction                 ; e:/intelfpga_lite/22.1std/quartus/libraries/megafunctions/abs_divider.inc     ;         ;
; sign_div_unsign.inc              ; yes             ; Megafunction                 ; e:/intelfpga_lite/22.1std/quartus/libraries/megafunctions/sign_div_unsign.inc ;         ;
; aglobal221.inc                   ; yes             ; Megafunction                 ; e:/intelfpga_lite/22.1std/quartus/libraries/megafunctions/aglobal221.inc      ;         ;
; db/lpm_divide_82m.tdf            ; yes             ; Auto-Generated Megafunction  ; C:/Users/SFI19/Downloads/FPGA/10/10.1/db/lpm_divide_82m.tdf                   ;         ;
; db/sign_div_unsign_bkh.tdf       ; yes             ; Auto-Generated Megafunction  ; C:/Users/SFI19/Downloads/FPGA/10/10.1/db/sign_div_unsign_bkh.tdf              ;         ;
; db/alt_u_div_sse.tdf             ; yes             ; Auto-Generated Megafunction  ; C:/Users/SFI19/Downloads/FPGA/10/10.1/db/alt_u_div_sse.tdf                    ;         ;
; db/lpm_divide_5am.tdf            ; yes             ; Auto-Generated Megafunction  ; C:/Users/SFI19/Downloads/FPGA/10/10.1/db/lpm_divide_5am.tdf                   ;         ;
; db/lpm_divide_8am.tdf            ; yes             ; Auto-Generated Megafunction  ; C:/Users/SFI19/Downloads/FPGA/10/10.1/db/lpm_divide_8am.tdf                   ;         ;
; db/sign_div_unsign_ekh.tdf       ; yes             ; Auto-Generated Megafunction  ; C:/Users/SFI19/Downloads/FPGA/10/10.1/db/sign_div_unsign_ekh.tdf              ;         ;
; db/alt_u_div_2te.tdf             ; yes             ; Auto-Generated Megafunction  ; C:/Users/SFI19/Downloads/FPGA/10/10.1/db/alt_u_div_2te.tdf                    ;         ;
+----------------------------------+-----------------+------------------------------+-------------------------------------------------------------------------------+---------+


+--------------------------------------------------------------+
; Analysis & Synthesis Resource Usage Summary                  ;
+---------------------------------------------+----------------+
; Resource                                    ; Usage          ;
+---------------------------------------------+----------------+
; Estimate of Logic utilization (ALMs needed) ; 91             ;
;                                             ;                ;
; Combinational ALUT usage for logic          ; 171            ;
;     -- 7 input functions                    ; 3              ;
;     -- 6 input functions                    ; 7              ;
;     -- 5 input functions                    ; 4              ;
;     -- 4 input functions                    ; 28             ;
;     -- <=3 input functions                  ; 129            ;
;                                             ;                ;
; Dedicated logic registers                   ; 0              ;
;                                             ;                ;
; I/O pins                                    ; 30             ;
;                                             ;                ;
; Total DSP Blocks                            ; 0              ;
;                                             ;                ;
; Maximum fan-out node                        ; ALU:alu|F[7]~0 ;
; Maximum fan-out                             ; 20             ;
; Total fan-out                               ; 566            ;
; Average fan-out                             ; 2.45           ;
+---------------------------------------------+----------------+


+-----------------------------------------------------------------------------------------------------------------------------------------------------------------------------------------------------------------------------------------------------------------------------------------------------------------------------+
; Analysis & Synthesis Resource Utilization by Entity                                                                                                                                                                                                                                                                         ;
+-------------------------------------------+---------------------+---------------------------+-------------------+------------+------+--------------+-----------------------------------------------------------------------------------------------------------------------------------+---------------------+--------------+
; Compilation Hierarchy Node                ; Combinational ALUTs ; Dedicated Logic Registers ; Block Memory Bits ; DSP Blocks ; Pins ; Virtual Pins ; Full Hierarchy Name                                                                                                               ; Entity Name         ; Library Name ;
+-------------------------------------------+---------------------+---------------------------+-------------------+------------+------+--------------+-----------------------------------------------------------------------------------------------------------------------------------+---------------------+--------------+
; |p_10_1                                   ; 171 (0)             ; 0 (0)                     ; 0                 ; 0          ; 30   ; 0            ; |p_10_1                                                                                                                           ; p_10_1              ; work         ;
;    |ALU:alu|                              ; 26 (26)             ; 0 (0)                     ; 0                 ; 0          ; 0    ; 0            ; |p_10_1|ALU:alu                                                                                                                   ; ALU                 ; work         ;
;    |register_N_bit:register1|             ; 4 (4)               ; 0 (0)                     ; 0                 ; 0          ; 0    ; 0            ; |p_10_1|register_N_bit:register1                                                                                                  ; register_N_bit      ; work         ;
;    |register_N_bit:register2|             ; 4 (4)               ; 0 (0)                     ; 0                 ; 0          ; 0    ; 0            ; |p_10_1|register_N_bit:register2                                                                                                  ; register_N_bit      ; work         ;
;    |seg_controler:seg_control|            ; 137 (17)            ; 0 (0)                     ; 0                 ; 0          ; 0    ; 0            ; |p_10_1|seg_controler:seg_control                                                                                                 ; seg_controler       ; work         ;
;       |lpm_divide:Div0|                   ; 22 (0)              ; 0 (0)                     ; 0                 ; 0          ; 0    ; 0            ; |p_10_1|seg_controler:seg_control|lpm_divide:Div0                                                                                 ; lpm_divide          ; work         ;
;          |lpm_divide_8am:auto_generated|  ; 22 (0)              ; 0 (0)                     ; 0                 ; 0          ; 0    ; 0            ; |p_10_1|seg_controler:seg_control|lpm_divide:Div0|lpm_divide_8am:auto_generated                                                   ; lpm_divide_8am      ; work         ;
;             |sign_div_unsign_ekh:divider| ; 22 (0)              ; 0 (0)                     ; 0                 ; 0          ; 0    ; 0            ; |p_10_1|seg_controler:seg_control|lpm_divide:Div0|lpm_divide_8am:auto_generated|sign_div_unsign_ekh:divider                       ; sign_div_unsign_ekh ; work         ;
;                |alt_u_div_2te:divider|    ; 22 (22)             ; 0 (0)                     ; 0                 ; 0          ; 0    ; 0            ; |p_10_1|seg_controler:seg_control|lpm_divide:Div0|lpm_divide_8am:auto_generated|sign_div_unsign_ekh:divider|alt_u_div_2te:divider ; alt_u_div_2te       ; work         ;
;       |lpm_divide:Div1|                   ; 47 (0)              ; 0 (0)                     ; 0                 ; 0          ; 0    ; 0            ; |p_10_1|seg_controler:seg_control|lpm_divide:Div1                                                                                 ; lpm_divide          ; work         ;
;          |lpm_divide_5am:auto_generated|  ; 47 (0)              ; 0 (0)                     ; 0                 ; 0          ; 0    ; 0            ; |p_10_1|seg_controler:seg_control|lpm_divide:Div1|lpm_divide_5am:auto_generated                                                   ; lpm_divide_5am      ; work         ;
;             |sign_div_unsign_bkh:divider| ; 47 (0)              ; 0 (0)                     ; 0                 ; 0          ; 0    ; 0            ; |p_10_1|seg_controler:seg_control|lpm_divide:Div1|lpm_divide_5am:auto_generated|sign_div_unsign_bkh:divider                       ; sign_div_unsign_bkh ; work         ;
;                |alt_u_div_sse:divider|    ; 47 (47)             ; 0 (0)                     ; 0                 ; 0          ; 0    ; 0            ; |p_10_1|seg_controler:seg_control|lpm_divide:Div1|lpm_divide_5am:auto_generated|sign_div_unsign_bkh:divider|alt_u_div_sse:divider ; alt_u_div_sse       ; work         ;
;       |lpm_divide:Mod0|                   ; 51 (0)              ; 0 (0)                     ; 0                 ; 0          ; 0    ; 0            ; |p_10_1|seg_controler:seg_control|lpm_divide:Mod0                                                                                 ; lpm_divide          ; work         ;
;          |lpm_divide_82m:auto_generated|  ; 51 (0)              ; 0 (0)                     ; 0                 ; 0          ; 0    ; 0            ; |p_10_1|seg_controler:seg_control|lpm_divide:Mod0|lpm_divide_82m:auto_generated                                                   ; lpm_divide_82m      ; work         ;
;             |sign_div_unsign_bkh:divider| ; 51 (0)              ; 0 (0)                     ; 0                 ; 0          ; 0    ; 0            ; |p_10_1|seg_controler:seg_control|lpm_divide:Mod0|lpm_divide_82m:auto_generated|sign_div_unsign_bkh:divider                       ; sign_div_unsign_bkh ; work         ;
;                |alt_u_div_sse:divider|    ; 51 (51)             ; 0 (0)                     ; 0                 ; 0          ; 0    ; 0            ; |p_10_1|seg_controler:seg_control|lpm_divide:Mod0|lpm_divide_82m:auto_generated|sign_div_unsign_bkh:divider|alt_u_div_sse:divider ; alt_u_div_sse       ; work         ;
+-------------------------------------------+---------------------+---------------------------+-------------------+------------+------+--------------+-----------------------------------------------------------------------------------------------------------------------------------+---------------------+--------------+
Note: For table entries with two numbers listed, the numbers in parentheses indicate the number of resources of the given type used by the specific entity alone. The numbers listed outside of parentheses indicate the total resources of the given type used by the specific entity and all of its sub-entities in the hierarchy.


+---------------------------------------------------------------------------------------------------+
; User-Specified and Inferred Latches                                                               ;
+----------------------------------------------------+---------------------+------------------------+
; Latch Name                                         ; Latch Enable Signal ; Free of Timing Hazards ;
+----------------------------------------------------+---------------------+------------------------+
; register_N_bit:register1|data_out[0]               ; EN1                 ; yes                    ;
; register_N_bit:register2|data_out[0]               ; EN2                 ; yes                    ;
; register_N_bit:register1|data_out[1]               ; EN1                 ; yes                    ;
; register_N_bit:register2|data_out[1]               ; EN2                 ; yes                    ;
; register_N_bit:register1|data_out[2]               ; EN1                 ; yes                    ;
; register_N_bit:register2|data_out[2]               ; EN2                 ; yes                    ;
; register_N_bit:register1|data_out[3]               ; EN1                 ; yes                    ;
; register_N_bit:register2|data_out[3]               ; EN2                 ; yes                    ;
; Number of user-specified and inferred latches = 8  ;                     ;                        ;
+----------------------------------------------------+---------------------+------------------------+
Note: All latches listed above may not be present at the end of synthesis due to various synthesis optimizations.


+------------------------------------------------------+
; General Register Statistics                          ;
+----------------------------------------------+-------+
; Statistic                                    ; Value ;
+----------------------------------------------+-------+
; Total registers                              ; 0     ;
; Number of registers using Synchronous Clear  ; 0     ;
; Number of registers using Synchronous Load   ; 0     ;
; Number of registers using Asynchronous Clear ; 0     ;
; Number of registers using Asynchronous Load  ; 0     ;
; Number of registers using Clock Enable       ; 0     ;
; Number of registers using Preset             ; 0     ;
+----------------------------------------------+-------+


+------------------------------------------------------------------------------------------------------------------------------------------+
; Multiplexer Restructuring Statistics (Restructuring Performed)                                                                           ;
+--------------------+-----------+---------------+----------------------+------------------------+------------+----------------------------+
; Multiplexer Inputs ; Bus Width ; Baseline Area ; Area if Restructured ; Saving if Restructured ; Registered ; Example Multiplexer Output ;
+--------------------+-----------+---------------+----------------------+------------------------+------------+----------------------------+
; 8:1                ; 3 bits    ; 15 LEs        ; 12 LEs               ; 3 LEs                  ; No         ; |p_10_1|ALU:alu|Mux1       ;
+--------------------+-----------+---------------+----------------------+------------------------+------------+----------------------------+


+------------------------------------------------------------------------+
; Parameter Settings for User Entity Instance: Top-level Entity: |p_10_1 ;
+----------------+-------+-----------------------------------------------+
; Parameter Name ; Value ; Type                                          ;
+----------------+-------+-----------------------------------------------+
; N              ; 4     ; Signed Integer                                ;
+----------------+-------+-----------------------------------------------+
Note: In order to hide this table in the UI and the text report file, please set the "Show Parameter Settings in Synthesis Report" option in "Analysis and Synthesis Settings -> More Settings" to "Off".


+-----------------------------------------------------------------------+
; Parameter Settings for User Entity Instance: register_N_bit:register1 ;
+----------------+-------+----------------------------------------------+
; Parameter Name ; Value ; Type                                         ;
+----------------+-------+----------------------------------------------+
; N              ; 4     ; Signed Integer                               ;
+----------------+-------+----------------------------------------------+
Note: In order to hide this table in the UI and the text report file, please set the "Show Parameter Settings in Synthesis Report" option in "Analysis and Synthesis Settings -> More Settings" to "Off".


+-----------------------------------------------------------------------+
; Parameter Settings for User Entity Instance: register_N_bit:register2 ;
+----------------+-------+----------------------------------------------+
; Parameter Name ; Value ; Type                                         ;
+----------------+-------+----------------------------------------------+
; N              ; 4     ; Signed Integer                               ;
+----------------+-------+----------------------------------------------+
Note: In order to hide this table in the UI and the text report file, please set the "Show Parameter Settings in Synthesis Report" option in "Analysis and Synthesis Settings -> More Settings" to "Off".


+------------------------------------------------------+
; Parameter Settings for User Entity Instance: ALU:alu ;
+----------------+-------+-----------------------------+
; Parameter Name ; Value ; Type                        ;
+----------------+-------+-----------------------------+
; N              ; 4     ; Signed Integer              ;
+----------------+-------+-----------------------------+
Note: In order to hide this table in the UI and the text report file, please set the "Show Parameter Settings in Synthesis Report" option in "Analysis and Synthesis Settings -> More Settings" to "Off".


+------------------------------------------------------------------------+
; Parameter Settings for User Entity Instance: seg_controler:seg_control ;
+----------------+-------+-----------------------------------------------+
; Parameter Name ; Value ; Type                                          ;
+----------------+-------+-----------------------------------------------+
; N              ; 8     ; Signed Integer                                ;
+----------------+-------+-----------------------------------------------+
Note: In order to hide this table in the UI and the text report file, please set the "Show Parameter Settings in Synthesis Report" option in "Analysis and Synthesis Settings -> More Settings" to "Off".


+--------------------------------------------------------------------------------------------+
; Parameter Settings for Inferred Entity Instance: seg_controler:seg_control|lpm_divide:Mod0 ;
+------------------------+----------------+--------------------------------------------------+
; Parameter Name         ; Value          ; Type                                             ;
+------------------------+----------------+--------------------------------------------------+
; LPM_WIDTHN             ; 8              ; Untyped                                          ;
; LPM_WIDTHD             ; 4              ; Untyped                                          ;
; LPM_NREPRESENTATION    ; UNSIGNED       ; Untyped                                          ;
; LPM_DREPRESENTATION    ; UNSIGNED       ; Untyped                                          ;
; LPM_PIPELINE           ; 0              ; Untyped                                          ;
; LPM_REMAINDERPOSITIVE  ; TRUE           ; Untyped                                          ;
; MAXIMIZE_SPEED         ; 5              ; Untyped                                          ;
; CBXI_PARAMETER         ; lpm_divide_82m ; Untyped                                          ;
; CARRY_CHAIN            ; MANUAL         ; Untyped                                          ;
; OPTIMIZE_FOR_SPEED     ; 5              ; Untyped                                          ;
; AUTO_CARRY_CHAINS      ; ON             ; AUTO_CARRY                                       ;
; IGNORE_CARRY_BUFFERS   ; OFF            ; IGNORE_CARRY                                     ;
; AUTO_CASCADE_CHAINS    ; ON             ; AUTO_CASCADE                                     ;
; IGNORE_CASCADE_BUFFERS ; OFF            ; IGNORE_CASCADE                                   ;
+------------------------+----------------+--------------------------------------------------+
Note: In order to hide this table in the UI and the text report file, please set the "Show Parameter Settings in Synthesis Report" option in "Analysis and Synthesis Settings -> More Settings" to "Off".


+--------------------------------------------------------------------------------------------+
; Parameter Settings for Inferred Entity Instance: seg_controler:seg_control|lpm_divide:Div1 ;
+------------------------+----------------+--------------------------------------------------+
; Parameter Name         ; Value          ; Type                                             ;
+------------------------+----------------+--------------------------------------------------+
; LPM_WIDTHN             ; 8              ; Untyped                                          ;
; LPM_WIDTHD             ; 4              ; Untyped                                          ;
; LPM_NREPRESENTATION    ; UNSIGNED       ; Untyped                                          ;
; LPM_DREPRESENTATION    ; UNSIGNED       ; Untyped                                          ;
; LPM_PIPELINE           ; 0              ; Untyped                                          ;
; LPM_REMAINDERPOSITIVE  ; TRUE           ; Untyped                                          ;
; MAXIMIZE_SPEED         ; 5              ; Untyped                                          ;
; CBXI_PARAMETER         ; lpm_divide_5am ; Untyped                                          ;
; CARRY_CHAIN            ; MANUAL         ; Untyped                                          ;
; OPTIMIZE_FOR_SPEED     ; 5              ; Untyped                                          ;
; AUTO_CARRY_CHAINS      ; ON             ; AUTO_CARRY                                       ;
; IGNORE_CARRY_BUFFERS   ; OFF            ; IGNORE_CARRY                                     ;
; AUTO_CASCADE_CHAINS    ; ON             ; AUTO_CASCADE                                     ;
; IGNORE_CASCADE_BUFFERS ; OFF            ; IGNORE_CASCADE                                   ;
+------------------------+----------------+--------------------------------------------------+
Note: In order to hide this table in the UI and the text report file, please set the "Show Parameter Settings in Synthesis Report" option in "Analysis and Synthesis Settings -> More Settings" to "Off".


+--------------------------------------------------------------------------------------------+
; Parameter Settings for Inferred Entity Instance: seg_controler:seg_control|lpm_divide:Div0 ;
+------------------------+----------------+--------------------------------------------------+
; Parameter Name         ; Value          ; Type                                             ;
+------------------------+----------------+--------------------------------------------------+
; LPM_WIDTHN             ; 8              ; Untyped                                          ;
; LPM_WIDTHD             ; 7              ; Untyped                                          ;
; LPM_NREPRESENTATION    ; UNSIGNED       ; Untyped                                          ;
; LPM_DREPRESENTATION    ; UNSIGNED       ; Untyped                                          ;
; LPM_PIPELINE           ; 0              ; Untyped                                          ;
; LPM_REMAINDERPOSITIVE  ; TRUE           ; Untyped                                          ;
; MAXIMIZE_SPEED         ; 5              ; Untyped                                          ;
; CBXI_PARAMETER         ; lpm_divide_8am ; Untyped                                          ;
; CARRY_CHAIN            ; MANUAL         ; Untyped                                          ;
; OPTIMIZE_FOR_SPEED     ; 5              ; Untyped                                          ;
; AUTO_CARRY_CHAINS      ; ON             ; AUTO_CARRY                                       ;
; IGNORE_CARRY_BUFFERS   ; OFF            ; IGNORE_CARRY                                     ;
; AUTO_CASCADE_CHAINS    ; ON             ; AUTO_CASCADE                                     ;
; IGNORE_CASCADE_BUFFERS ; OFF            ; IGNORE_CASCADE                                   ;
+------------------------+----------------+--------------------------------------------------+
Note: In order to hide this table in the UI and the text report file, please set the "Show Parameter Settings in Synthesis Report" option in "Analysis and Synthesis Settings -> More Settings" to "Off".


+-----------------------------------------------------+
; Post-Synthesis Netlist Statistics for Top Partition ;
+-----------------------+-----------------------------+
; Type                  ; Count                       ;
+-----------------------+-----------------------------+
; arriav_lcell_comb     ; 175                         ;
;     arith             ; 92                          ;
;         0 data inputs ; 25                          ;
;         1 data inputs ; 19                          ;
;         2 data inputs ; 10                          ;
;         3 data inputs ; 28                          ;
;         4 data inputs ; 10                          ;
;     extend            ; 3                           ;
;         7 data inputs ; 3                           ;
;     normal            ; 75                          ;
;         0 data inputs ; 1                           ;
;         1 data inputs ; 3                           ;
;         2 data inputs ; 19                          ;
;         3 data inputs ; 23                          ;
;         4 data inputs ; 18                          ;
;         5 data inputs ; 4                           ;
;         6 data inputs ; 7                           ;
;     shared            ; 5                           ;
;         0 data inputs ; 1                           ;
;         2 data inputs ; 4                           ;
; boundary_port         ; 30                          ;
;                       ;                             ;
; Max LUT depth         ; 13.30                       ;
; Average LUT depth     ; 10.45                       ;
+-----------------------+-----------------------------+


+-------------------------------+
; Elapsed Time Per Partition    ;
+----------------+--------------+
; Partition Name ; Elapsed Time ;
+----------------+--------------+
; Top            ; 00:00:00     ;
+----------------+--------------+


+-------------------------------+
; Analysis & Synthesis Messages ;
+-------------------------------+
Info: *******************************************************************
Info: Running Quartus Prime Analysis & Synthesis
    Info: Version 22.1std.1 Build 917 02/14/2023 SC Lite Edition
    Info: Processing started: Tue Nov 28 22:14:39 2023
Info: Command: quartus_map --read_settings_files=on --write_settings_files=off p_10_1 -c p_10_1
Warning (18236): Number of processors has not been specified which may cause overloading on shared machines.  Set the global assignment NUM_PARALLEL_PROCESSORS in your QSF to an appropriate value for best performance.
Info (20030): Parallel compilation is enabled and will use 6 of the 6 processors detected
Info (12021): Found 4 design units, including 4 entities, in source file p_10_1.sv
    Info (12023): Found entity 1: ALU File: C:/Users/SFI19/Downloads/FPGA/10/10.1/p_10_1.sv Line: 1
    Info (12023): Found entity 2: register_N_bit File: C:/Users/SFI19/Downloads/FPGA/10/10.1/p_10_1.sv Line: 20
    Info (12023): Found entity 3: seg_controler File: C:/Users/SFI19/Downloads/FPGA/10/10.1/p_10_1.sv Line: 30
    Info (12023): Found entity 4: p_10_1 File: C:/Users/SFI19/Downloads/FPGA/10/10.1/p_10_1.sv Line: 107
Info (12127): Elaborating entity "p_10_1" for the top level hierarchy
Info (12128): Elaborating entity "register_N_bit" for hierarchy "register_N_bit:register1" File: C:/Users/SFI19/Downloads/FPGA/10/10.1/p_10_1.sv Line: 122
Warning (10240): Verilog HDL Always Construct warning at p_10_1.sv(27): inferring latch(es) for variable "data_out", which holds its previous value in one or more paths through the always construct File: C:/Users/SFI19/Downloads/FPGA/10/10.1/p_10_1.sv Line: 27
Info (10041): Inferred latch for "data_out[0]" at p_10_1.sv(27) File: C:/Users/SFI19/Downloads/FPGA/10/10.1/p_10_1.sv Line: 27
Info (10041): Inferred latch for "data_out[1]" at p_10_1.sv(27) File: C:/Users/SFI19/Downloads/FPGA/10/10.1/p_10_1.sv Line: 27
Info (10041): Inferred latch for "data_out[2]" at p_10_1.sv(27) File: C:/Users/SFI19/Downloads/FPGA/10/10.1/p_10_1.sv Line: 27
Info (10041): Inferred latch for "data_out[3]" at p_10_1.sv(27) File: C:/Users/SFI19/Downloads/FPGA/10/10.1/p_10_1.sv Line: 27
Info (12128): Elaborating entity "ALU" for hierarchy "ALU:alu" File: C:/Users/SFI19/Downloads/FPGA/10/10.1/p_10_1.sv Line: 135
Warning (10230): Verilog HDL assignment warning at p_10_1.sv(10): truncated value with size 32 to match size of target (8) File: C:/Users/SFI19/Downloads/FPGA/10/10.1/p_10_1.sv Line: 10
Info (12128): Elaborating entity "seg_controler" for hierarchy "seg_controler:seg_control" File: C:/Users/SFI19/Downloads/FPGA/10/10.1/p_10_1.sv Line: 143
Warning (10230): Verilog HDL assignment warning at p_10_1.sv(57): truncated value with size 32 to match size of target (4) File: C:/Users/SFI19/Downloads/FPGA/10/10.1/p_10_1.sv Line: 57
Warning (10230): Verilog HDL assignment warning at p_10_1.sv(58): truncated value with size 32 to match size of target (4) File: C:/Users/SFI19/Downloads/FPGA/10/10.1/p_10_1.sv Line: 58
Warning (10230): Verilog HDL assignment warning at p_10_1.sv(59): truncated value with size 32 to match size of target (4) File: C:/Users/SFI19/Downloads/FPGA/10/10.1/p_10_1.sv Line: 59
Info (278001): Inferred 3 megafunctions from design logic
    Info (278004): Inferred divider/modulo megafunction ("lpm_divide") from the following logic: "seg_controler:seg_control|Mod0" File: C:/Users/SFI19/Downloads/FPGA/10/10.1/p_10_1.sv Line: 59
    Info (278004): Inferred divider/modulo megafunction ("lpm_divide") from the following logic: "seg_controler:seg_control|Div1" File: C:/Users/SFI19/Downloads/FPGA/10/10.1/p_10_1.sv Line: 58
    Info (278004): Inferred divider/modulo megafunction ("lpm_divide") from the following logic: "seg_controler:seg_control|Div0" File: C:/Users/SFI19/Downloads/FPGA/10/10.1/p_10_1.sv Line: 57
Info (12130): Elaborated megafunction instantiation "seg_controler:seg_control|lpm_divide:Mod0" File: C:/Users/SFI19/Downloads/FPGA/10/10.1/p_10_1.sv Line: 59
Info (12133): Instantiated megafunction "seg_controler:seg_control|lpm_divide:Mod0" with the following parameter: File: C:/Users/SFI19/Downloads/FPGA/10/10.1/p_10_1.sv Line: 59
    Info (12134): Parameter "LPM_WIDTHN" = "8"
    Info (12134): Parameter "LPM_WIDTHD" = "4"
    Info (12134): Parameter "LPM_NREPRESENTATION" = "UNSIGNED"
    Info (12134): Parameter "LPM_DREPRESENTATION" = "UNSIGNED"
Info (12021): Found 1 design units, including 1 entities, in source file db/lpm_divide_82m.tdf
    Info (12023): Found entity 1: lpm_divide_82m File: C:/Users/SFI19/Downloads/FPGA/10/10.1/db/lpm_divide_82m.tdf Line: 25
Info (12021): Found 1 design units, including 1 entities, in source file db/sign_div_unsign_bkh.tdf
    Info (12023): Found entity 1: sign_div_unsign_bkh File: C:/Users/SFI19/Downloads/FPGA/10/10.1/db/sign_div_unsign_bkh.tdf Line: 25
Info (12021): Found 1 design units, including 1 entities, in source file db/alt_u_div_sse.tdf
    Info (12023): Found entity 1: alt_u_div_sse File: C:/Users/SFI19/Downloads/FPGA/10/10.1/db/alt_u_div_sse.tdf Line: 23
Info (12130): Elaborated megafunction instantiation "seg_controler:seg_control|lpm_divide:Div1" File: C:/Users/SFI19/Downloads/FPGA/10/10.1/p_10_1.sv Line: 58
Info (12133): Instantiated megafunction "seg_controler:seg_control|lpm_divide:Div1" with the following parameter: File: C:/Users/SFI19/Downloads/FPGA/10/10.1/p_10_1.sv Line: 58
    Info (12134): Parameter "LPM_WIDTHN" = "8"
    Info (12134): Parameter "LPM_WIDTHD" = "4"
    Info (12134): Parameter "LPM_NREPRESENTATION" = "UNSIGNED"
    Info (12134): Parameter "LPM_DREPRESENTATION" = "UNSIGNED"
Info (12021): Found 1 design units, including 1 entities, in source file db/lpm_divide_5am.tdf
    Info (12023): Found entity 1: lpm_divide_5am File: C:/Users/SFI19/Downloads/FPGA/10/10.1/db/lpm_divide_5am.tdf Line: 25
Info (12130): Elaborated megafunction instantiation "seg_controler:seg_control|lpm_divide:Div0" File: C:/Users/SFI19/Downloads/FPGA/10/10.1/p_10_1.sv Line: 57
Info (12133): Instantiated megafunction "seg_controler:seg_control|lpm_divide:Div0" with the following parameter: File: C:/Users/SFI19/Downloads/FPGA/10/10.1/p_10_1.sv Line: 57
    Info (12134): Parameter "LPM_WIDTHN" = "8"
    Info (12134): Parameter "LPM_WIDTHD" = "7"
    Info (12134): Parameter "LPM_NREPRESENTATION" = "UNSIGNED"
    Info (12134): Parameter "LPM_DREPRESENTATION" = "UNSIGNED"
Info (12021): Found 1 design units, including 1 entities, in source file db/lpm_divide_8am.tdf
    Info (12023): Found entity 1: lpm_divide_8am File: C:/Users/SFI19/Downloads/FPGA/10/10.1/db/lpm_divide_8am.tdf Line: 25
Info (12021): Found 1 design units, including 1 entities, in source file db/sign_div_unsign_ekh.tdf
    Info (12023): Found entity 1: sign_div_unsign_ekh File: C:/Users/SFI19/Downloads/FPGA/10/10.1/db/sign_div_unsign_ekh.tdf Line: 25
Info (12021): Found 1 design units, including 1 entities, in source file db/alt_u_div_2te.tdf
    Info (12023): Found entity 1: alt_u_div_2te File: C:/Users/SFI19/Downloads/FPGA/10/10.1/db/alt_u_div_2te.tdf Line: 23
Warning (13024): Output pins are stuck at VCC or GND
    Warning (13410): Pin "D2_SEG[1]" is stuck at GND File: C:/Users/SFI19/Downloads/FPGA/10/10.1/p_10_1.sv Line: 113
Info (286030): Timing-Driven Synthesis is running
Info (16010): Generating hard_block partition "hard_block:auto_generated_inst"
    Info (16011): Adding 0 node(s), including 0 DDIO, 0 PLL, 0 transceiver and 0 LCELL
Info (21057): Implemented 201 device resources after synthesis - the final resource count might be different
    Info (21058): Implemented 9 input pins
    Info (21059): Implemented 21 output pins
    Info (21061): Implemented 171 logic cells
Info: Quartus Prime Analysis & Synthesis was successful. 0 errors, 8 warnings
    Info: Peak virtual memory: 4845 megabytes
    Info: Processing ended: Tue Nov 28 22:14:49 2023
    Info: Elapsed time: 00:00:10
    Info: Total CPU time (on all processors): 00:00:20


