Analysis & Synthesis report for p_9_4
Sun Nov 26 15:54:10 2023
Quartus Prime Version 22.1std.1 Build 917 02/14/2023 SC Lite Edition


---------------------
; Table of Contents ;
---------------------
  1. Legal Notice
  2. Analysis & Synthesis Summary
  3. Analysis & Synthesis Settings
  4. Parallel Compilation
  5. Analysis & Synthesis Source Files Read
  6. Analysis & Synthesis Resource Usage Summary
  7. Analysis & Synthesis Resource Utilization by Entity
  8. Analysis & Synthesis DSP Block Usage Summary
  9. User-Specified and Inferred Latches
 10. General Register Statistics
 11. Parameter Settings for Inferred Entity Instance: lpm_divide:Mod0
 12. Parameter Settings for Inferred Entity Instance: lpm_divide:Div1
 13. Parameter Settings for Inferred Entity Instance: lpm_divide:Div0
 14. Post-Synthesis Netlist Statistics for Top Partition
 15. Elapsed Time Per Partition
 16. Analysis & Synthesis Messages



----------------
; Legal Notice ;
----------------
Copyright (C) 2023  Intel Corporation. All rights reserved.
Your use of Intel Corporation's design tools, logic functions 
and other software and tools, and any partner logic 
functions, and any output files from any of the foregoing 
(including device programming or simulation files), and any 
associated documentation or information are expressly subject 
to the terms and conditions of the Intel Program License 
Subscription Agreement, the Intel Quartus Prime License Agreement,
the Intel FPGA IP License Agreement, or other applicable license
agreement, including, without limitation, that your use is for
the sole purpose of programming logic devices manufactured by
Intel and sold by Intel or its authorized distributors.  Please
refer to the applicable agreement for further details, at
https://fpgasoftware.intel.com/eula.



+----------------------------------------------------------------------------------+
; Analysis & Synthesis Summary                                                     ;
+---------------------------------+------------------------------------------------+
; Analysis & Synthesis Status     ; Successful - Sun Nov 26 15:54:10 2023          ;
; Quartus Prime Version           ; 22.1std.1 Build 917 02/14/2023 SC Lite Edition ;
; Revision Name                   ; p_9_4                                          ;
; Top-level Entity Name           ; p_9_4                                          ;
; Family                          ; Cyclone V                                      ;
; Logic utilization (in ALMs)     ; N/A                                            ;
; Total registers                 ; 0                                              ;
; Total pins                      ; 33                                             ;
; Total virtual pins              ; 0                                              ;
; Total block memory bits         ; 0                                              ;
; Total DSP Blocks                ; 1                                              ;
; Total HSSI RX PCSs              ; 0                                              ;
; Total HSSI PMA RX Deserializers ; 0                                              ;
; Total HSSI TX PCSs              ; 0                                              ;
; Total HSSI PMA TX Serializers   ; 0                                              ;
; Total PLLs                      ; 0                                              ;
; Total DLLs                      ; 0                                              ;
+---------------------------------+------------------------------------------------+


+---------------------------------------------------------------------------------------------------------------------------+
; Analysis & Synthesis Settings                                                                                             ;
+---------------------------------------------------------------------------------+--------------------+--------------------+
; Option                                                                          ; Setting            ; Default Value      ;
+---------------------------------------------------------------------------------+--------------------+--------------------+
; Device                                                                          ; 5CSEMA5F31C6       ;                    ;
; Top-level entity name                                                           ; p_9_4              ; p_9_4              ;
; Family name                                                                     ; Cyclone V          ; Cyclone V          ;
; Use smart compilation                                                           ; Off                ; Off                ;
; Enable parallel Assembler and Timing Analyzer during compilation                ; On                 ; On                 ;
; Enable compact report table                                                     ; Off                ; Off                ;
; Restructure Multiplexers                                                        ; Auto               ; Auto               ;
; MLAB Add Timing Constraints For Mixed-Port Feed-Through Mode Setting Don't Care ; Off                ; Off                ;
; Create Debugging Nodes for IP Cores                                             ; Off                ; Off                ;
; Preserve fewer node names                                                       ; On                 ; On                 ;
; Intel FPGA IP Evaluation Mode                                                   ; Enable             ; Enable             ;
; Verilog Version                                                                 ; Verilog_2001       ; Verilog_2001       ;
; VHDL Version                                                                    ; VHDL_1993          ; VHDL_1993          ;
; State Machine Processing                                                        ; Auto               ; Auto               ;
; Safe State Machine                                                              ; Off                ; Off                ;
; Extract Verilog State Machines                                                  ; On                 ; On                 ;
; Extract VHDL State Machines                                                     ; On                 ; On                 ;
; Ignore Verilog initial constructs                                               ; Off                ; Off                ;
; Iteration limit for constant Verilog loops                                      ; 5000               ; 5000               ;
; Iteration limit for non-constant Verilog loops                                  ; 250                ; 250                ;
; Add Pass-Through Logic to Inferred RAMs                                         ; On                 ; On                 ;
; Infer RAMs from Raw Logic                                                       ; On                 ; On                 ;
; Parallel Synthesis                                                              ; On                 ; On                 ;
; DSP Block Balancing                                                             ; Auto               ; Auto               ;
; NOT Gate Push-Back                                                              ; On                 ; On                 ;
; Power-Up Don't Care                                                             ; On                 ; On                 ;
; Remove Redundant Logic Cells                                                    ; Off                ; Off                ;
; Remove Duplicate Registers                                                      ; On                 ; On                 ;
; Ignore CARRY Buffers                                                            ; Off                ; Off                ;
; Ignore CASCADE Buffers                                                          ; Off                ; Off                ;
; Ignore GLOBAL Buffers                                                           ; Off                ; Off                ;
; Ignore ROW GLOBAL Buffers                                                       ; Off                ; Off                ;
; Ignore LCELL Buffers                                                            ; Off                ; Off                ;
; Ignore SOFT Buffers                                                             ; On                 ; On                 ;
; Limit AHDL Integers to 32 Bits                                                  ; Off                ; Off                ;
; Optimization Technique                                                          ; Balanced           ; Balanced           ;
; Carry Chain Length                                                              ; 70                 ; 70                 ;
; Auto Carry Chains                                                               ; On                 ; On                 ;
; Auto Open-Drain Pins                                                            ; On                 ; On                 ;
; Perform WYSIWYG Primitive Resynthesis                                           ; Off                ; Off                ;
; Auto ROM Replacement                                                            ; On                 ; On                 ;
; Auto RAM Replacement                                                            ; On                 ; On                 ;
; Auto DSP Block Replacement                                                      ; On                 ; On                 ;
; Auto Shift Register Replacement                                                 ; Auto               ; Auto               ;
; Allow Shift Register Merging across Hierarchies                                 ; Auto               ; Auto               ;
; Auto Clock Enable Replacement                                                   ; On                 ; On                 ;
; Strict RAM Replacement                                                          ; Off                ; Off                ;
; Allow Synchronous Control Signals                                               ; On                 ; On                 ;
; Force Use of Synchronous Clear Signals                                          ; Off                ; Off                ;
; Auto Resource Sharing                                                           ; Off                ; Off                ;
; Allow Any RAM Size For Recognition                                              ; Off                ; Off                ;
; Allow Any ROM Size For Recognition                                              ; Off                ; Off                ;
; Allow Any Shift Register Size For Recognition                                   ; Off                ; Off                ;
; Use LogicLock Constraints during Resource Balancing                             ; On                 ; On                 ;
; Ignore translate_off and synthesis_off directives                               ; Off                ; Off                ;
; Timing-Driven Synthesis                                                         ; On                 ; On                 ;
; Report Parameter Settings                                                       ; On                 ; On                 ;
; Report Source Assignments                                                       ; On                 ; On                 ;
; Report Connectivity Checks                                                      ; On                 ; On                 ;
; Ignore Maximum Fan-Out Assignments                                              ; Off                ; Off                ;
; Synchronization Register Chain Length                                           ; 3                  ; 3                  ;
; Power Optimization During Synthesis                                             ; Normal compilation ; Normal compilation ;
; HDL message level                                                               ; Level2             ; Level2             ;
; Suppress Register Optimization Related Messages                                 ; Off                ; Off                ;
; Number of Removed Registers Reported in Synthesis Report                        ; 5000               ; 5000               ;
; Number of Swept Nodes Reported in Synthesis Report                              ; 5000               ; 5000               ;
; Number of Inverted Registers Reported in Synthesis Report                       ; 100                ; 100                ;
; Clock MUX Protection                                                            ; On                 ; On                 ;
; Auto Gated Clock Conversion                                                     ; Off                ; Off                ;
; Block Design Naming                                                             ; Auto               ; Auto               ;
; SDC constraint protection                                                       ; Off                ; Off                ;
; Synthesis Effort                                                                ; Auto               ; Auto               ;
; Shift Register Replacement - Allow Asynchronous Clear Signal                    ; On                 ; On                 ;
; Pre-Mapping Resynthesis Optimization                                            ; Off                ; Off                ;
; Analysis & Synthesis Message Level                                              ; Medium             ; Medium             ;
; Disable Register Merging Across Hierarchies                                     ; Auto               ; Auto               ;
; Resource Aware Inference For Block RAM                                          ; On                 ; On                 ;
; Automatic Parallel Synthesis                                                    ; On                 ; On                 ;
; Partial Reconfiguration Bitstream ID                                            ; Off                ; Off                ;
+---------------------------------------------------------------------------------+--------------------+--------------------+


+------------------------------------------+
; Parallel Compilation                     ;
+----------------------------+-------------+
; Processors                 ; Number      ;
+----------------------------+-------------+
; Number detected on machine ; 12          ;
; Maximum allowed            ; 6           ;
;                            ;             ;
; Average used               ; 1.00        ;
; Maximum used               ; 1           ;
;                            ;             ;
; Usage by Processor         ; % Time Used ;
;     Processor 1            ; 100.0%      ;
+----------------------------+-------------+


+-----------------------------------------------------------------------------------------------------------------------------------------------------------------------------------+
; Analysis & Synthesis Source Files Read                                                                                                                                            ;
+----------------------------------+-----------------+------------------------------------+-------------------------------------------------------------------------------+---------+
; File Name with User-Entered Path ; Used in Netlist ; File Type                          ; File Name with Absolute Path                                                  ; Library ;
+----------------------------------+-----------------+------------------------------------+-------------------------------------------------------------------------------+---------+
; p_9_4.sv                         ; yes             ; Auto-Found SystemVerilog HDL File  ; C:/Users/SFI19/Downloads/FPGA/9/9.4/p_9_4.sv                                  ;         ;
; lpm_divide.tdf                   ; yes             ; Megafunction                       ; e:/intelfpga_lite/22.1std/quartus/libraries/megafunctions/lpm_divide.tdf      ;         ;
; abs_divider.inc                  ; yes             ; Megafunction                       ; e:/intelfpga_lite/22.1std/quartus/libraries/megafunctions/abs_divider.inc     ;         ;
; sign_div_unsign.inc              ; yes             ; Megafunction                       ; e:/intelfpga_lite/22.1std/quartus/libraries/megafunctions/sign_div_unsign.inc ;         ;
; aglobal221.inc                   ; yes             ; Megafunction                       ; e:/intelfpga_lite/22.1std/quartus/libraries/megafunctions/aglobal221.inc      ;         ;
; db/lpm_divide_82m.tdf            ; yes             ; Auto-Generated Megafunction        ; C:/Users/SFI19/Downloads/FPGA/9/9.4/db/lpm_divide_82m.tdf                     ;         ;
; db/sign_div_unsign_bkh.tdf       ; yes             ; Auto-Generated Megafunction        ; C:/Users/SFI19/Downloads/FPGA/9/9.4/db/sign_div_unsign_bkh.tdf                ;         ;
; db/alt_u_div_sse.tdf             ; yes             ; Auto-Generated Megafunction        ; C:/Users/SFI19/Downloads/FPGA/9/9.4/db/alt_u_div_sse.tdf                      ;         ;
; db/lpm_divide_5am.tdf            ; yes             ; Auto-Generated Megafunction        ; C:/Users/SFI19/Downloads/FPGA/9/9.4/db/lpm_divide_5am.tdf                     ;         ;
; db/lpm_divide_8am.tdf            ; yes             ; Auto-Generated Megafunction        ; C:/Users/SFI19/Downloads/FPGA/9/9.4/db/lpm_divide_8am.tdf                     ;         ;
; db/sign_div_unsign_ekh.tdf       ; yes             ; Auto-Generated Megafunction        ; C:/Users/SFI19/Downloads/FPGA/9/9.4/db/sign_div_unsign_ekh.tdf                ;         ;
; db/alt_u_div_2te.tdf             ; yes             ; Auto-Generated Megafunction        ; C:/Users/SFI19/Downloads/FPGA/9/9.4/db/alt_u_div_2te.tdf                      ;         ;
+----------------------------------+-----------------+------------------------------------+-------------------------------------------------------------------------------+---------+


+-------------------------------------------------------------------------+
; Analysis & Synthesis Resource Usage Summary                             ;
+---------------------------------------------+---------------------------+
; Resource                                    ; Usage                     ;
+---------------------------------------------+---------------------------+
; Estimate of Logic utilization (ALMs needed) ; 81                        ;
;                                             ;                           ;
; Combinational ALUT usage for logic          ; 161                       ;
;     -- 7 input functions                    ; 0                         ;
;     -- 6 input functions                    ; 1                         ;
;     -- 5 input functions                    ; 7                         ;
;     -- 4 input functions                    ; 23                        ;
;     -- <=3 input functions                  ; 130                       ;
;                                             ;                           ;
; Dedicated logic registers                   ; 0                         ;
;                                             ;                           ;
; I/O pins                                    ; 33                        ;
;                                             ;                           ;
; Total DSP Blocks                            ; 1                         ;
;                                             ;                           ;
; Maximum fan-out node                        ; multiplier:mult|result[0] ;
; Maximum fan-out                             ; 73                        ;
; Total fan-out                               ; 502                       ;
; Average fan-out                             ; 2.20                      ;
+---------------------------------------------+---------------------------+


+-----------------------------------------------------------------------------------------------------------------------------------------------------------------------------------------------------------------------------------------------------------------------------------------------+
; Analysis & Synthesis Resource Utilization by Entity                                                                                                                                                                                                                                           ;
+----------------------------------------+---------------------+---------------------------+-------------------+------------+------+--------------+--------------------------------------------------------------------------------------------------------+---------------------+--------------+
; Compilation Hierarchy Node             ; Combinational ALUTs ; Dedicated Logic Registers ; Block Memory Bits ; DSP Blocks ; Pins ; Virtual Pins ; Full Hierarchy Name                                                                                    ; Entity Name         ; Library Name ;
+----------------------------------------+---------------------+---------------------------+-------------------+------------+------+--------------+--------------------------------------------------------------------------------------------------------+---------------------+--------------+
; |p_9_4                                 ; 161 (17)            ; 0 (0)                     ; 0                 ; 1          ; 33   ; 0            ; |p_9_4                                                                                                 ; p_9_4               ; work         ;
;    |comparator_8bit:comp|              ; 10 (10)             ; 0 (0)                     ; 0                 ; 0          ; 0    ; 0            ; |p_9_4|comparator_8bit:comp                                                                            ; comparator_8bit     ; work         ;
;    |lpm_divide:Div0|                   ; 24 (0)              ; 0 (0)                     ; 0                 ; 0          ; 0    ; 0            ; |p_9_4|lpm_divide:Div0                                                                                 ; lpm_divide          ; work         ;
;       |lpm_divide_8am:auto_generated|  ; 24 (0)              ; 0 (0)                     ; 0                 ; 0          ; 0    ; 0            ; |p_9_4|lpm_divide:Div0|lpm_divide_8am:auto_generated                                                   ; lpm_divide_8am      ; work         ;
;          |sign_div_unsign_ekh:divider| ; 24 (0)              ; 0 (0)                     ; 0                 ; 0          ; 0    ; 0            ; |p_9_4|lpm_divide:Div0|lpm_divide_8am:auto_generated|sign_div_unsign_ekh:divider                       ; sign_div_unsign_ekh ; work         ;
;             |alt_u_div_2te:divider|    ; 24 (24)             ; 0 (0)                     ; 0                 ; 0          ; 0    ; 0            ; |p_9_4|lpm_divide:Div0|lpm_divide_8am:auto_generated|sign_div_unsign_ekh:divider|alt_u_div_2te:divider ; alt_u_div_2te       ; work         ;
;    |lpm_divide:Div1|                   ; 49 (0)              ; 0 (0)                     ; 0                 ; 0          ; 0    ; 0            ; |p_9_4|lpm_divide:Div1                                                                                 ; lpm_divide          ; work         ;
;       |lpm_divide_5am:auto_generated|  ; 49 (0)              ; 0 (0)                     ; 0                 ; 0          ; 0    ; 0            ; |p_9_4|lpm_divide:Div1|lpm_divide_5am:auto_generated                                                   ; lpm_divide_5am      ; work         ;
;          |sign_div_unsign_bkh:divider| ; 49 (0)              ; 0 (0)                     ; 0                 ; 0          ; 0    ; 0            ; |p_9_4|lpm_divide:Div1|lpm_divide_5am:auto_generated|sign_div_unsign_bkh:divider                       ; sign_div_unsign_bkh ; work         ;
;             |alt_u_div_sse:divider|    ; 49 (49)             ; 0 (0)                     ; 0                 ; 0          ; 0    ; 0            ; |p_9_4|lpm_divide:Div1|lpm_divide_5am:auto_generated|sign_div_unsign_bkh:divider|alt_u_div_sse:divider ; alt_u_div_sse       ; work         ;
;    |lpm_divide:Mod0|                   ; 53 (0)              ; 0 (0)                     ; 0                 ; 0          ; 0    ; 0            ; |p_9_4|lpm_divide:Mod0                                                                                 ; lpm_divide          ; work         ;
;       |lpm_divide_82m:auto_generated|  ; 53 (0)              ; 0 (0)                     ; 0                 ; 0          ; 0    ; 0            ; |p_9_4|lpm_divide:Mod0|lpm_divide_82m:auto_generated                                                   ; lpm_divide_82m      ; work         ;
;          |sign_div_unsign_bkh:divider| ; 53 (0)              ; 0 (0)                     ; 0                 ; 0          ; 0    ; 0            ; |p_9_4|lpm_divide:Mod0|lpm_divide_82m:auto_generated|sign_div_unsign_bkh:divider                       ; sign_div_unsign_bkh ; work         ;
;             |alt_u_div_sse:divider|    ; 53 (53)             ; 0 (0)                     ; 0                 ; 0          ; 0    ; 0            ; |p_9_4|lpm_divide:Mod0|lpm_divide_82m:auto_generated|sign_div_unsign_bkh:divider|alt_u_div_sse:divider ; alt_u_div_sse       ; work         ;
;    |multiplier:mult|                   ; 0 (0)               ; 0 (0)                     ; 0                 ; 1          ; 0    ; 0            ; |p_9_4|multiplier:mult                                                                                 ; multiplier          ; work         ;
;    |register_8bit:register|            ; 8 (8)               ; 0 (0)                     ; 0                 ; 0          ; 0    ; 0            ; |p_9_4|register_8bit:register                                                                          ; register_8bit       ; work         ;
+----------------------------------------+---------------------+---------------------------+-------------------+------------+------+--------------+--------------------------------------------------------------------------------------------------------+---------------------+--------------+
Note: For table entries with two numbers listed, the numbers in parentheses indicate the number of resources of the given type used by the specific entity alone. The numbers listed outside of parentheses indicate the total resources of the given type used by the specific entity and all of its sub-entities in the hierarchy.


+-----------------------------------------------+
; Analysis & Synthesis DSP Block Usage Summary  ;
+---------------------------------+-------------+
; Statistic                       ; Number Used ;
+---------------------------------+-------------+
; Independent 9x9                 ; 1           ;
; Total number of DSP blocks      ; 1           ;
;                                 ;             ;
; Fixed Point Unsigned Multiplier ; 1           ;
+---------------------------------+-------------+


+---------------------------------------------------------------------------------------------------+
; User-Specified and Inferred Latches                                                               ;
+----------------------------------------------------+---------------------+------------------------+
; Latch Name                                         ; Latch Enable Signal ; Free of Timing Hazards ;
+----------------------------------------------------+---------------------+------------------------+
; register_8bit:register|data_out[7]                 ; load                ; yes                    ;
; register_8bit:register|data_out[6]                 ; load                ; yes                    ;
; register_8bit:register|data_out[5]                 ; load                ; yes                    ;
; register_8bit:register|data_out[4]                 ; load                ; yes                    ;
; register_8bit:register|data_out[3]                 ; load                ; yes                    ;
; register_8bit:register|data_out[2]                 ; load                ; yes                    ;
; register_8bit:register|data_out[1]                 ; load                ; yes                    ;
; register_8bit:register|data_out[0]                 ; load                ; yes                    ;
; Number of user-specified and inferred latches = 8  ;                     ;                        ;
+----------------------------------------------------+---------------------+------------------------+
Note: All latches listed above may not be present at the end of synthesis due to various synthesis optimizations.


+------------------------------------------------------+
; General Register Statistics                          ;
+----------------------------------------------+-------+
; Statistic                                    ; Value ;
+----------------------------------------------+-------+
; Total registers                              ; 0     ;
; Number of registers using Synchronous Clear  ; 0     ;
; Number of registers using Synchronous Load   ; 0     ;
; Number of registers using Asynchronous Clear ; 0     ;
; Number of registers using Asynchronous Load  ; 0     ;
; Number of registers using Clock Enable       ; 0     ;
; Number of registers using Preset             ; 0     ;
+----------------------------------------------+-------+


+------------------------------------------------------------------+
; Parameter Settings for Inferred Entity Instance: lpm_divide:Mod0 ;
+------------------------+----------------+------------------------+
; Parameter Name         ; Value          ; Type                   ;
+------------------------+----------------+------------------------+
; LPM_WIDTHN             ; 8              ; Untyped                ;
; LPM_WIDTHD             ; 4              ; Untyped                ;
; LPM_NREPRESENTATION    ; UNSIGNED       ; Untyped                ;
; LPM_DREPRESENTATION    ; UNSIGNED       ; Untyped                ;
; LPM_PIPELINE           ; 0              ; Untyped                ;
; LPM_REMAINDERPOSITIVE  ; TRUE           ; Untyped                ;
; MAXIMIZE_SPEED         ; 5              ; Untyped                ;
; CBXI_PARAMETER         ; lpm_divide_82m ; Untyped                ;
; CARRY_CHAIN            ; MANUAL         ; Untyped                ;
; OPTIMIZE_FOR_SPEED     ; 5              ; Untyped                ;
; AUTO_CARRY_CHAINS      ; ON             ; AUTO_CARRY             ;
; IGNORE_CARRY_BUFFERS   ; OFF            ; IGNORE_CARRY           ;
; AUTO_CASCADE_CHAINS    ; ON             ; AUTO_CASCADE           ;
; IGNORE_CASCADE_BUFFERS ; OFF            ; IGNORE_CASCADE         ;
+------------------------+----------------+------------------------+
Note: In order to hide this table in the UI and the text report file, please set the "Show Parameter Settings in Synthesis Report" option in "Analysis and Synthesis Settings -> More Settings" to "Off".


+------------------------------------------------------------------+
; Parameter Settings for Inferred Entity Instance: lpm_divide:Div1 ;
+------------------------+----------------+------------------------+
; Parameter Name         ; Value          ; Type                   ;
+------------------------+----------------+------------------------+
; LPM_WIDTHN             ; 8              ; Untyped                ;
; LPM_WIDTHD             ; 4              ; Untyped                ;
; LPM_NREPRESENTATION    ; UNSIGNED       ; Untyped                ;
; LPM_DREPRESENTATION    ; UNSIGNED       ; Untyped                ;
; LPM_PIPELINE           ; 0              ; Untyped                ;
; LPM_REMAINDERPOSITIVE  ; TRUE           ; Untyped                ;
; MAXIMIZE_SPEED         ; 5              ; Untyped                ;
; CBXI_PARAMETER         ; lpm_divide_5am ; Untyped                ;
; CARRY_CHAIN            ; MANUAL         ; Untyped                ;
; OPTIMIZE_FOR_SPEED     ; 5              ; Untyped                ;
; AUTO_CARRY_CHAINS      ; ON             ; AUTO_CARRY             ;
; IGNORE_CARRY_BUFFERS   ; OFF            ; IGNORE_CARRY           ;
; AUTO_CASCADE_CHAINS    ; ON             ; AUTO_CASCADE           ;
; IGNORE_CASCADE_BUFFERS ; OFF            ; IGNORE_CASCADE         ;
+------------------------+----------------+------------------------+
Note: In order to hide this table in the UI and the text report file, please set the "Show Parameter Settings in Synthesis Report" option in "Analysis and Synthesis Settings -> More Settings" to "Off".


+------------------------------------------------------------------+
; Parameter Settings for Inferred Entity Instance: lpm_divide:Div0 ;
+------------------------+----------------+------------------------+
; Parameter Name         ; Value          ; Type                   ;
+------------------------+----------------+------------------------+
; LPM_WIDTHN             ; 8              ; Untyped                ;
; LPM_WIDTHD             ; 7              ; Untyped                ;
; LPM_NREPRESENTATION    ; UNSIGNED       ; Untyped                ;
; LPM_DREPRESENTATION    ; UNSIGNED       ; Untyped                ;
; LPM_PIPELINE           ; 0              ; Untyped                ;
; LPM_REMAINDERPOSITIVE  ; TRUE           ; Untyped                ;
; MAXIMIZE_SPEED         ; 5              ; Untyped                ;
; CBXI_PARAMETER         ; lpm_divide_8am ; Untyped                ;
; CARRY_CHAIN            ; MANUAL         ; Untyped                ;
; OPTIMIZE_FOR_SPEED     ; 5              ; Untyped                ;
; AUTO_CARRY_CHAINS      ; ON             ; AUTO_CARRY             ;
; IGNORE_CARRY_BUFFERS   ; OFF            ; IGNORE_CARRY           ;
; AUTO_CASCADE_CHAINS    ; ON             ; AUTO_CASCADE           ;
; IGNORE_CASCADE_BUFFERS ; OFF            ; IGNORE_CASCADE         ;
+------------------------+----------------+------------------------+
Note: In order to hide this table in the UI and the text report file, please set the "Show Parameter Settings in Synthesis Report" option in "Analysis and Synthesis Settings -> More Settings" to "Off".


+-----------------------------------------------------+
; Post-Synthesis Netlist Statistics for Top Partition ;
+-----------------------+-----------------------------+
; Type                  ; Count                       ;
+-----------------------+-----------------------------+
; arriav_lcell_comb     ; 166                         ;
;     arith             ; 66                          ;
;         0 data inputs ; 18                          ;
;         1 data inputs ; 9                           ;
;         2 data inputs ; 7                           ;
;         3 data inputs ; 26                          ;
;         4 data inputs ; 6                           ;
;     normal            ; 82                          ;
;         0 data inputs ; 1                           ;
;         1 data inputs ; 4                           ;
;         2 data inputs ; 31                          ;
;         3 data inputs ; 21                          ;
;         4 data inputs ; 17                          ;
;         5 data inputs ; 7                           ;
;         6 data inputs ; 1                           ;
;     shared            ; 18                          ;
;         0 data inputs ; 3                           ;
;         1 data inputs ; 15                          ;
; arriav_mac            ; 1                           ;
; boundary_port         ; 33                          ;
;                       ;                             ;
; Max LUT depth         ; 10.90                       ;
; Average LUT depth     ; 7.65                        ;
+-----------------------+-----------------------------+


+-------------------------------+
; Elapsed Time Per Partition    ;
+----------------+--------------+
; Partition Name ; Elapsed Time ;
+----------------+--------------+
; Top            ; 00:00:00     ;
+----------------+--------------+


+-------------------------------+
; Analysis & Synthesis Messages ;
+-------------------------------+
Info: *******************************************************************
Info: Running Quartus Prime Analysis & Synthesis
    Info: Version 22.1std.1 Build 917 02/14/2023 SC Lite Edition
    Info: Processing started: Sun Nov 26 15:54:01 2023
Info: Command: quartus_map --read_settings_files=on --write_settings_files=off p_9_4 -c p_9_4
Warning (18236): Number of processors has not been specified which may cause overloading on shared machines.  Set the global assignment NUM_PARALLEL_PROCESSORS in your QSF to an appropriate value for best performance.
Info (20030): Parallel compilation is enabled and will use 6 of the 6 processors detected
Warning (12125): Using design file p_9_4.sv, which is not specified as a design file for the current project, but contains definitions for 4 design units and 4 entities in project
    Info (12023): Found entity 1: register_8bit File: C:/Users/SFI19/Downloads/FPGA/9/9.4/p_9_4.sv Line: 1
    Info (12023): Found entity 2: multiplier File: C:/Users/SFI19/Downloads/FPGA/9/9.4/p_9_4.sv Line: 10
    Info (12023): Found entity 3: comparator_8bit File: C:/Users/SFI19/Downloads/FPGA/9/9.4/p_9_4.sv Line: 18
    Info (12023): Found entity 4: p_9_4 File: C:/Users/SFI19/Downloads/FPGA/9/9.4/p_9_4.sv Line: 34
Info (12127): Elaborating entity "p_9_4" for the top level hierarchy
Warning (10230): Verilog HDL assignment warning at p_9_4.sv(88): truncated value with size 32 to match size of target (4) File: C:/Users/SFI19/Downloads/FPGA/9/9.4/p_9_4.sv Line: 88
Warning (10230): Verilog HDL assignment warning at p_9_4.sv(89): truncated value with size 32 to match size of target (4) File: C:/Users/SFI19/Downloads/FPGA/9/9.4/p_9_4.sv Line: 89
Warning (10230): Verilog HDL assignment warning at p_9_4.sv(90): truncated value with size 32 to match size of target (4) File: C:/Users/SFI19/Downloads/FPGA/9/9.4/p_9_4.sv Line: 90
Info (12128): Elaborating entity "multiplier" for hierarchy "multiplier:mult" File: C:/Users/SFI19/Downloads/FPGA/9/9.4/p_9_4.sv Line: 67
Info (12128): Elaborating entity "register_8bit" for hierarchy "register_8bit:register" File: C:/Users/SFI19/Downloads/FPGA/9/9.4/p_9_4.sv Line: 74
Warning (10240): Verilog HDL Always Construct warning at p_9_4.sv(7): inferring latch(es) for variable "data_out", which holds its previous value in one or more paths through the always construct File: C:/Users/SFI19/Downloads/FPGA/9/9.4/p_9_4.sv Line: 7
Info (10041): Inferred latch for "data_out[0]" at p_9_4.sv(7) File: C:/Users/SFI19/Downloads/FPGA/9/9.4/p_9_4.sv Line: 7
Info (10041): Inferred latch for "data_out[1]" at p_9_4.sv(7) File: C:/Users/SFI19/Downloads/FPGA/9/9.4/p_9_4.sv Line: 7
Info (10041): Inferred latch for "data_out[2]" at p_9_4.sv(7) File: C:/Users/SFI19/Downloads/FPGA/9/9.4/p_9_4.sv Line: 7
Info (10041): Inferred latch for "data_out[3]" at p_9_4.sv(7) File: C:/Users/SFI19/Downloads/FPGA/9/9.4/p_9_4.sv Line: 7
Info (10041): Inferred latch for "data_out[4]" at p_9_4.sv(7) File: C:/Users/SFI19/Downloads/FPGA/9/9.4/p_9_4.sv Line: 7
Info (10041): Inferred latch for "data_out[5]" at p_9_4.sv(7) File: C:/Users/SFI19/Downloads/FPGA/9/9.4/p_9_4.sv Line: 7
Info (10041): Inferred latch for "data_out[6]" at p_9_4.sv(7) File: C:/Users/SFI19/Downloads/FPGA/9/9.4/p_9_4.sv Line: 7
Info (10041): Inferred latch for "data_out[7]" at p_9_4.sv(7) File: C:/Users/SFI19/Downloads/FPGA/9/9.4/p_9_4.sv Line: 7
Info (12128): Elaborating entity "comparator_8bit" for hierarchy "comparator_8bit:comp" File: C:/Users/SFI19/Downloads/FPGA/9/9.4/p_9_4.sv Line: 83
Info (278001): Inferred 3 megafunctions from design logic
    Info (278004): Inferred divider/modulo megafunction ("lpm_divide") from the following logic: "Mod0" File: C:/Users/SFI19/Downloads/FPGA/9/9.4/p_9_4.sv Line: 90
    Info (278004): Inferred divider/modulo megafunction ("lpm_divide") from the following logic: "Div1" File: C:/Users/SFI19/Downloads/FPGA/9/9.4/p_9_4.sv Line: 89
    Info (278004): Inferred divider/modulo megafunction ("lpm_divide") from the following logic: "Div0" File: C:/Users/SFI19/Downloads/FPGA/9/9.4/p_9_4.sv Line: 88
Info (12130): Elaborated megafunction instantiation "lpm_divide:Mod0" File: C:/Users/SFI19/Downloads/FPGA/9/9.4/p_9_4.sv Line: 90
Info (12133): Instantiated megafunction "lpm_divide:Mod0" with the following parameter: File: C:/Users/SFI19/Downloads/FPGA/9/9.4/p_9_4.sv Line: 90
    Info (12134): Parameter "LPM_WIDTHN" = "8"
    Info (12134): Parameter "LPM_WIDTHD" = "4"
    Info (12134): Parameter "LPM_NREPRESENTATION" = "UNSIGNED"
    Info (12134): Parameter "LPM_DREPRESENTATION" = "UNSIGNED"
Info (12021): Found 1 design units, including 1 entities, in source file db/lpm_divide_82m.tdf
    Info (12023): Found entity 1: lpm_divide_82m File: C:/Users/SFI19/Downloads/FPGA/9/9.4/db/lpm_divide_82m.tdf Line: 25
Info (12021): Found 1 design units, including 1 entities, in source file db/sign_div_unsign_bkh.tdf
    Info (12023): Found entity 1: sign_div_unsign_bkh File: C:/Users/SFI19/Downloads/FPGA/9/9.4/db/sign_div_unsign_bkh.tdf Line: 25
Info (12021): Found 1 design units, including 1 entities, in source file db/alt_u_div_sse.tdf
    Info (12023): Found entity 1: alt_u_div_sse File: C:/Users/SFI19/Downloads/FPGA/9/9.4/db/alt_u_div_sse.tdf Line: 23
Info (12130): Elaborated megafunction instantiation "lpm_divide:Div1" File: C:/Users/SFI19/Downloads/FPGA/9/9.4/p_9_4.sv Line: 89
Info (12133): Instantiated megafunction "lpm_divide:Div1" with the following parameter: File: C:/Users/SFI19/Downloads/FPGA/9/9.4/p_9_4.sv Line: 89
    Info (12134): Parameter "LPM_WIDTHN" = "8"
    Info (12134): Parameter "LPM_WIDTHD" = "4"
    Info (12134): Parameter "LPM_NREPRESENTATION" = "UNSIGNED"
    Info (12134): Parameter "LPM_DREPRESENTATION" = "UNSIGNED"
Info (12021): Found 1 design units, including 1 entities, in source file db/lpm_divide_5am.tdf
    Info (12023): Found entity 1: lpm_divide_5am File: C:/Users/SFI19/Downloads/FPGA/9/9.4/db/lpm_divide_5am.tdf Line: 25
Info (12130): Elaborated megafunction instantiation "lpm_divide:Div0" File: C:/Users/SFI19/Downloads/FPGA/9/9.4/p_9_4.sv Line: 88
Info (12133): Instantiated megafunction "lpm_divide:Div0" with the following parameter: File: C:/Users/SFI19/Downloads/FPGA/9/9.4/p_9_4.sv Line: 88
    Info (12134): Parameter "LPM_WIDTHN" = "8"
    Info (12134): Parameter "LPM_WIDTHD" = "7"
    Info (12134): Parameter "LPM_NREPRESENTATION" = "UNSIGNED"
    Info (12134): Parameter "LPM_DREPRESENTATION" = "UNSIGNED"
Info (12021): Found 1 design units, including 1 entities, in source file db/lpm_divide_8am.tdf
    Info (12023): Found entity 1: lpm_divide_8am File: C:/Users/SFI19/Downloads/FPGA/9/9.4/db/lpm_divide_8am.tdf Line: 25
Info (12021): Found 1 design units, including 1 entities, in source file db/sign_div_unsign_ekh.tdf
    Info (12023): Found entity 1: sign_div_unsign_ekh File: C:/Users/SFI19/Downloads/FPGA/9/9.4/db/sign_div_unsign_ekh.tdf Line: 25
Info (12021): Found 1 design units, including 1 entities, in source file db/alt_u_div_2te.tdf
    Info (12023): Found entity 1: alt_u_div_2te File: C:/Users/SFI19/Downloads/FPGA/9/9.4/db/alt_u_div_2te.tdf Line: 23
Warning (13024): Output pins are stuck at VCC or GND
    Warning (13410): Pin "D2_SEG[1]" is stuck at GND File: C:/Users/SFI19/Downloads/FPGA/9/9.4/p_9_4.sv Line: 37
Info (286030): Timing-Driven Synthesis is running
Info (16010): Generating hard_block partition "hard_block:auto_generated_inst"
    Info (16011): Adding 0 node(s), including 0 DDIO, 0 PLL, 0 transceiver and 0 LCELL
Info (21057): Implemented 195 device resources after synthesis - the final resource count might be different
    Info (21058): Implemented 9 input pins
    Info (21059): Implemented 24 output pins
    Info (21061): Implemented 161 logic cells
    Info (21062): Implemented 1 DSP elements
Info: Quartus Prime Analysis & Synthesis was successful. 0 errors, 8 warnings
    Info: Peak virtual memory: 4845 megabytes
    Info: Processing ended: Sun Nov 26 15:54:10 2023
    Info: Elapsed time: 00:00:09
    Info: Total CPU time (on all processors): 00:00:19


