Analysis & Synthesis report for p_11_2
Sat Dec  9 21:07:01 2023
Quartus Prime Version 22.1std.1 Build 917 02/14/2023 SC Lite Edition


---------------------
; Table of Contents ;
---------------------
  1. Legal Notice
  2. Analysis & Synthesis Summary
  3. Analysis & Synthesis Settings
  4. Parallel Compilation
  5. Analysis & Synthesis Source Files Read
  6. Analysis & Synthesis Resource Usage Summary
  7. Analysis & Synthesis Resource Utilization by Entity
  8. Registers Removed During Synthesis
  9. General Register Statistics
 10. Parameter Settings for User Entity Instance: Top-level Entity: |p_11_2
 11. Parameter Settings for User Entity Instance: counter:counter1
 12. Parameter Settings for User Entity Instance: seg_controler:seg_control
 13. Parameter Settings for Inferred Entity Instance: seg_controler:seg_control|lpm_divide:Mod0
 14. Parameter Settings for Inferred Entity Instance: seg_controler:seg_control|lpm_divide:Div2
 15. Parameter Settings for Inferred Entity Instance: seg_controler:seg_control|lpm_divide:Div1
 16. Parameter Settings for Inferred Entity Instance: seg_controler:seg_control|lpm_divide:Div0
 17. Post-Synthesis Netlist Statistics for Top Partition
 18. Elapsed Time Per Partition
 19. Analysis & Synthesis Messages



----------------
; Legal Notice ;
----------------
Copyright (C) 2023  Intel Corporation. All rights reserved.
Your use of Intel Corporation's design tools, logic functions 
and other software and tools, and any partner logic 
functions, and any output files from any of the foregoing 
(including device programming or simulation files), and any 
associated documentation or information are expressly subject 
to the terms and conditions of the Intel Program License 
Subscription Agreement, the Intel Quartus Prime License Agreement,
the Intel FPGA IP License Agreement, or other applicable license
agreement, including, without limitation, that your use is for
the sole purpose of programming logic devices manufactured by
Intel and sold by Intel or its authorized distributors.  Please
refer to the applicable agreement for further details, at
https://fpgasoftware.intel.com/eula.



+----------------------------------------------------------------------------------+
; Analysis & Synthesis Summary                                                     ;
+---------------------------------+------------------------------------------------+
; Analysis & Synthesis Status     ; Successful - Sat Dec  9 21:07:01 2023          ;
; Quartus Prime Version           ; 22.1std.1 Build 917 02/14/2023 SC Lite Edition ;
; Revision Name                   ; p_11_2                                         ;
; Top-level Entity Name           ; p_11_2                                         ;
; Family                          ; Cyclone V                                      ;
; Logic utilization (in ALMs)     ; N/A                                            ;
; Total registers                 ; 41                                             ;
; Total pins                      ; 37                                             ;
; Total virtual pins              ; 0                                              ;
; Total block memory bits         ; 0                                              ;
; Total DSP Blocks                ; 0                                              ;
; Total HSSI RX PCSs              ; 0                                              ;
; Total HSSI PMA RX Deserializers ; 0                                              ;
; Total HSSI TX PCSs              ; 0                                              ;
; Total HSSI PMA TX Serializers   ; 0                                              ;
; Total PLLs                      ; 0                                              ;
; Total DLLs                      ; 0                                              ;
+---------------------------------+------------------------------------------------+


+---------------------------------------------------------------------------------------------------------------------------+
; Analysis & Synthesis Settings                                                                                             ;
+---------------------------------------------------------------------------------+--------------------+--------------------+
; Option                                                                          ; Setting            ; Default Value      ;
+---------------------------------------------------------------------------------+--------------------+--------------------+
; Device                                                                          ; 5CSEMA5F31C6       ;                    ;
; Top-level entity name                                                           ; p_11_2             ; p_11_2             ;
; Family name                                                                     ; Cyclone V          ; Cyclone V          ;
; Use smart compilation                                                           ; Off                ; Off                ;
; Enable parallel Assembler and Timing Analyzer during compilation                ; On                 ; On                 ;
; Enable compact report table                                                     ; Off                ; Off                ;
; Restructure Multiplexers                                                        ; Auto               ; Auto               ;
; MLAB Add Timing Constraints For Mixed-Port Feed-Through Mode Setting Don't Care ; Off                ; Off                ;
; Create Debugging Nodes for IP Cores                                             ; Off                ; Off                ;
; Preserve fewer node names                                                       ; On                 ; On                 ;
; Intel FPGA IP Evaluation Mode                                                   ; Enable             ; Enable             ;
; Verilog Version                                                                 ; Verilog_2001       ; Verilog_2001       ;
; VHDL Version                                                                    ; VHDL_1993          ; VHDL_1993          ;
; State Machine Processing                                                        ; Auto               ; Auto               ;
; Safe State Machine                                                              ; Off                ; Off                ;
; Extract Verilog State Machines                                                  ; On                 ; On                 ;
; Extract VHDL State Machines                                                     ; On                 ; On                 ;
; Ignore Verilog initial constructs                                               ; Off                ; Off                ;
; Iteration limit for constant Verilog loops                                      ; 5000               ; 5000               ;
; Iteration limit for non-constant Verilog loops                                  ; 250                ; 250                ;
; Add Pass-Through Logic to Inferred RAMs                                         ; On                 ; On                 ;
; Infer RAMs from Raw Logic                                                       ; On                 ; On                 ;
; Parallel Synthesis                                                              ; On                 ; On                 ;
; DSP Block Balancing                                                             ; Auto               ; Auto               ;
; NOT Gate Push-Back                                                              ; On                 ; On                 ;
; Power-Up Don't Care                                                             ; On                 ; On                 ;
; Remove Redundant Logic Cells                                                    ; Off                ; Off                ;
; Remove Duplicate Registers                                                      ; On                 ; On                 ;
; Ignore CARRY Buffers                                                            ; Off                ; Off                ;
; Ignore CASCADE Buffers                                                          ; Off                ; Off                ;
; Ignore GLOBAL Buffers                                                           ; Off                ; Off                ;
; Ignore ROW GLOBAL Buffers                                                       ; Off                ; Off                ;
; Ignore LCELL Buffers                                                            ; Off                ; Off                ;
; Ignore SOFT Buffers                                                             ; On                 ; On                 ;
; Limit AHDL Integers to 32 Bits                                                  ; Off                ; Off                ;
; Optimization Technique                                                          ; Balanced           ; Balanced           ;
; Carry Chain Length                                                              ; 70                 ; 70                 ;
; Auto Carry Chains                                                               ; On                 ; On                 ;
; Auto Open-Drain Pins                                                            ; On                 ; On                 ;
; Perform WYSIWYG Primitive Resynthesis                                           ; Off                ; Off                ;
; Auto ROM Replacement                                                            ; On                 ; On                 ;
; Auto RAM Replacement                                                            ; On                 ; On                 ;
; Auto DSP Block Replacement                                                      ; On                 ; On                 ;
; Auto Shift Register Replacement                                                 ; Auto               ; Auto               ;
; Allow Shift Register Merging across Hierarchies                                 ; Auto               ; Auto               ;
; Auto Clock Enable Replacement                                                   ; On                 ; On                 ;
; Strict RAM Replacement                                                          ; Off                ; Off                ;
; Allow Synchronous Control Signals                                               ; On                 ; On                 ;
; Force Use of Synchronous Clear Signals                                          ; Off                ; Off                ;
; Auto Resource Sharing                                                           ; Off                ; Off                ;
; Allow Any RAM Size For Recognition                                              ; Off                ; Off                ;
; Allow Any ROM Size For Recognition                                              ; Off                ; Off                ;
; Allow Any Shift Register Size For Recognition                                   ; Off                ; Off                ;
; Use LogicLock Constraints during Resource Balancing                             ; On                 ; On                 ;
; Ignore translate_off and synthesis_off directives                               ; Off                ; Off                ;
; Timing-Driven Synthesis                                                         ; On                 ; On                 ;
; Report Parameter Settings                                                       ; On                 ; On                 ;
; Report Source Assignments                                                       ; On                 ; On                 ;
; Report Connectivity Checks                                                      ; On                 ; On                 ;
; Ignore Maximum Fan-Out Assignments                                              ; Off                ; Off                ;
; Synchronization Register Chain Length                                           ; 3                  ; 3                  ;
; Power Optimization During Synthesis                                             ; Normal compilation ; Normal compilation ;
; HDL message level                                                               ; Level2             ; Level2             ;
; Suppress Register Optimization Related Messages                                 ; Off                ; Off                ;
; Number of Removed Registers Reported in Synthesis Report                        ; 5000               ; 5000               ;
; Number of Swept Nodes Reported in Synthesis Report                              ; 5000               ; 5000               ;
; Number of Inverted Registers Reported in Synthesis Report                       ; 100                ; 100                ;
; Clock MUX Protection                                                            ; On                 ; On                 ;
; Auto Gated Clock Conversion                                                     ; Off                ; Off                ;
; Block Design Naming                                                             ; Auto               ; Auto               ;
; SDC constraint protection                                                       ; Off                ; Off                ;
; Synthesis Effort                                                                ; Auto               ; Auto               ;
; Shift Register Replacement - Allow Asynchronous Clear Signal                    ; On                 ; On                 ;
; Pre-Mapping Resynthesis Optimization                                            ; Off                ; Off                ;
; Analysis & Synthesis Message Level                                              ; Medium             ; Medium             ;
; Disable Register Merging Across Hierarchies                                     ; Auto               ; Auto               ;
; Resource Aware Inference For Block RAM                                          ; On                 ; On                 ;
; Automatic Parallel Synthesis                                                    ; On                 ; On                 ;
; Partial Reconfiguration Bitstream ID                                            ; Off                ; Off                ;
+---------------------------------------------------------------------------------+--------------------+--------------------+


+------------------------------------------+
; Parallel Compilation                     ;
+----------------------------+-------------+
; Processors                 ; Number      ;
+----------------------------+-------------+
; Number detected on machine ; 12          ;
; Maximum allowed            ; 6           ;
;                            ;             ;
; Average used               ; 1.00        ;
; Maximum used               ; 6           ;
;                            ;             ;
; Usage by Processor         ; % Time Used ;
;     Processor 1            ; 100.0%      ;
;     Processor 2            ;   0.0%      ;
;     Processors 3-6         ;   0.0%      ;
+----------------------------+-------------+


+-----------------------------------------------------------------------------------------------------------------------------------------------------------------------------+
; Analysis & Synthesis Source Files Read                                                                                                                                      ;
+----------------------------------+-----------------+------------------------------+-------------------------------------------------------------------------------+---------+
; File Name with User-Entered Path ; Used in Netlist ; File Type                    ; File Name with Absolute Path                                                  ; Library ;
+----------------------------------+-----------------+------------------------------+-------------------------------------------------------------------------------+---------+
; p_11_2.sv                        ; yes             ; User SystemVerilog HDL File  ; C:/Users/SFI19/Downloads/FPGA/11/11.2/p_11_2.sv                               ;         ;
; lpm_divide.tdf                   ; yes             ; Megafunction                 ; e:/intelfpga_lite/22.1std/quartus/libraries/megafunctions/lpm_divide.tdf      ;         ;
; abs_divider.inc                  ; yes             ; Megafunction                 ; e:/intelfpga_lite/22.1std/quartus/libraries/megafunctions/abs_divider.inc     ;         ;
; sign_div_unsign.inc              ; yes             ; Megafunction                 ; e:/intelfpga_lite/22.1std/quartus/libraries/megafunctions/sign_div_unsign.inc ;         ;
; aglobal221.inc                   ; yes             ; Megafunction                 ; e:/intelfpga_lite/22.1std/quartus/libraries/megafunctions/aglobal221.inc      ;         ;
; db/lpm_divide_n3m.tdf            ; yes             ; Auto-Generated Megafunction  ; C:/Users/SFI19/Downloads/FPGA/11/11.2/db/lpm_divide_n3m.tdf                   ;         ;
; db/sign_div_unsign_qlh.tdf       ; yes             ; Auto-Generated Megafunction  ; C:/Users/SFI19/Downloads/FPGA/11/11.2/db/sign_div_unsign_qlh.tdf              ;         ;
; db/alt_u_div_qve.tdf             ; yes             ; Auto-Generated Megafunction  ; C:/Users/SFI19/Downloads/FPGA/11/11.2/db/alt_u_div_qve.tdf                    ;         ;
; db/lpm_divide_kbm.tdf            ; yes             ; Auto-Generated Megafunction  ; C:/Users/SFI19/Downloads/FPGA/11/11.2/db/lpm_divide_kbm.tdf                   ;         ;
; db/lpm_divide_nbm.tdf            ; yes             ; Auto-Generated Megafunction  ; C:/Users/SFI19/Downloads/FPGA/11/11.2/db/lpm_divide_nbm.tdf                   ;         ;
; db/sign_div_unsign_tlh.tdf       ; yes             ; Auto-Generated Megafunction  ; C:/Users/SFI19/Downloads/FPGA/11/11.2/db/sign_div_unsign_tlh.tdf              ;         ;
; db/alt_u_div_00f.tdf             ; yes             ; Auto-Generated Megafunction  ; C:/Users/SFI19/Downloads/FPGA/11/11.2/db/alt_u_div_00f.tdf                    ;         ;
; db/lpm_divide_1dm.tdf            ; yes             ; Auto-Generated Megafunction  ; C:/Users/SFI19/Downloads/FPGA/11/11.2/db/lpm_divide_1dm.tdf                   ;         ;
; db/sign_div_unsign_7nh.tdf       ; yes             ; Auto-Generated Megafunction  ; C:/Users/SFI19/Downloads/FPGA/11/11.2/db/sign_div_unsign_7nh.tdf              ;         ;
; db/alt_u_div_k2f.tdf             ; yes             ; Auto-Generated Megafunction  ; C:/Users/SFI19/Downloads/FPGA/11/11.2/db/alt_u_div_k2f.tdf                    ;         ;
+----------------------------------+-----------------+------------------------------+-------------------------------------------------------------------------------+---------+


+--------------------------------------------------------------------------------------------------------------------------------------------------------------------------------+
; Analysis & Synthesis Resource Usage Summary                                                                                                                                    ;
+---------------------------------------------+----------------------------------------------------------------------------------------------------------------------------------+
; Resource                                    ; Usage                                                                                                                            ;
+---------------------------------------------+----------------------------------------------------------------------------------------------------------------------------------+
; Estimate of Logic utilization (ALMs needed) ; 345                                                                                                                              ;
;                                             ;                                                                                                                                  ;
; Combinational ALUT usage for logic          ; 689                                                                                                                              ;
;     -- 7 input functions                    ; 0                                                                                                                                ;
;     -- 6 input functions                    ; 0                                                                                                                                ;
;     -- 5 input functions                    ; 5                                                                                                                                ;
;     -- 4 input functions                    ; 113                                                                                                                              ;
;     -- <=3 input functions                  ; 571                                                                                                                              ;
;                                             ;                                                                                                                                  ;
; Dedicated logic registers                   ; 41                                                                                                                               ;
;                                             ;                                                                                                                                  ;
; I/O pins                                    ; 37                                                                                                                               ;
;                                             ;                                                                                                                                  ;
; Total DSP Blocks                            ; 0                                                                                                                                ;
;                                             ;                                                                                                                                  ;
; Maximum fan-out node                        ; seg_controler:seg_control|lpm_divide:Div0|lpm_divide_1dm:auto_generated|sign_div_unsign_7nh:divider|alt_u_div_k2f:divider|op_6~1 ;
; Maximum fan-out                             ; 30                                                                                                                               ;
; Total fan-out                               ; 2093                                                                                                                             ;
; Average fan-out                             ; 2.60                                                                                                                             ;
+---------------------------------------------+----------------------------------------------------------------------------------------------------------------------------------+


+-----------------------------------------------------------------------------------------------------------------------------------------------------------------------------------------------------------------------------------------------------------------------------------------------------------------------------+
; Analysis & Synthesis Resource Utilization by Entity                                                                                                                                                                                                                                                                         ;
+-------------------------------------------+---------------------+---------------------------+-------------------+------------+------+--------------+-----------------------------------------------------------------------------------------------------------------------------------+---------------------+--------------+
; Compilation Hierarchy Node                ; Combinational ALUTs ; Dedicated Logic Registers ; Block Memory Bits ; DSP Blocks ; Pins ; Virtual Pins ; Full Hierarchy Name                                                                                                               ; Entity Name         ; Library Name ;
+-------------------------------------------+---------------------+---------------------------+-------------------+------------+------+--------------+-----------------------------------------------------------------------------------------------------------------------------------+---------------------+--------------+
; |p_11_2                                   ; 689 (0)             ; 41 (0)                    ; 0                 ; 0          ; 37   ; 0            ; |p_11_2                                                                                                                           ; p_11_2              ; work         ;
;    |Clock_Divider:clk1|                   ; 23 (23)             ; 23 (23)                   ; 0                 ; 0          ; 0    ; 0            ; |p_11_2|Clock_Divider:clk1                                                                                                        ; Clock_Divider       ; work         ;
;    |counter:counter1|                     ; 16 (16)             ; 16 (16)                   ; 0                 ; 0          ; 0    ; 0            ; |p_11_2|counter:counter1                                                                                                          ; counter             ; work         ;
;    |seg_controler:seg_control|            ; 644 (28)            ; 0 (0)                     ; 0                 ; 0          ; 0    ; 0            ; |p_11_2|seg_controler:seg_control                                                                                                 ; seg_controler       ; work         ;
;       |lpm_divide:Div0|                   ; 164 (0)             ; 0 (0)                     ; 0                 ; 0          ; 0    ; 0            ; |p_11_2|seg_controler:seg_control|lpm_divide:Div0                                                                                 ; lpm_divide          ; work         ;
;          |lpm_divide_1dm:auto_generated|  ; 164 (0)             ; 0 (0)                     ; 0                 ; 0          ; 0    ; 0            ; |p_11_2|seg_controler:seg_control|lpm_divide:Div0|lpm_divide_1dm:auto_generated                                                   ; lpm_divide_1dm      ; work         ;
;             |sign_div_unsign_7nh:divider| ; 164 (0)             ; 0 (0)                     ; 0                 ; 0          ; 0    ; 0            ; |p_11_2|seg_controler:seg_control|lpm_divide:Div0|lpm_divide_1dm:auto_generated|sign_div_unsign_7nh:divider                       ; sign_div_unsign_7nh ; work         ;
;                |alt_u_div_k2f:divider|    ; 164 (164)           ; 0 (0)                     ; 0                 ; 0          ; 0    ; 0            ; |p_11_2|seg_controler:seg_control|lpm_divide:Div0|lpm_divide_1dm:auto_generated|sign_div_unsign_7nh:divider|alt_u_div_k2f:divider ; alt_u_div_k2f       ; work         ;
;       |lpm_divide:Div1|                   ; 174 (0)             ; 0 (0)                     ; 0                 ; 0          ; 0    ; 0            ; |p_11_2|seg_controler:seg_control|lpm_divide:Div1                                                                                 ; lpm_divide          ; work         ;
;          |lpm_divide_nbm:auto_generated|  ; 174 (0)             ; 0 (0)                     ; 0                 ; 0          ; 0    ; 0            ; |p_11_2|seg_controler:seg_control|lpm_divide:Div1|lpm_divide_nbm:auto_generated                                                   ; lpm_divide_nbm      ; work         ;
;             |sign_div_unsign_tlh:divider| ; 174 (0)             ; 0 (0)                     ; 0                 ; 0          ; 0    ; 0            ; |p_11_2|seg_controler:seg_control|lpm_divide:Div1|lpm_divide_nbm:auto_generated|sign_div_unsign_tlh:divider                       ; sign_div_unsign_tlh ; work         ;
;                |alt_u_div_00f:divider|    ; 174 (174)           ; 0 (0)                     ; 0                 ; 0          ; 0    ; 0            ; |p_11_2|seg_controler:seg_control|lpm_divide:Div1|lpm_divide_nbm:auto_generated|sign_div_unsign_tlh:divider|alt_u_div_00f:divider ; alt_u_div_00f       ; work         ;
;       |lpm_divide:Div2|                   ; 137 (0)             ; 0 (0)                     ; 0                 ; 0          ; 0    ; 0            ; |p_11_2|seg_controler:seg_control|lpm_divide:Div2                                                                                 ; lpm_divide          ; work         ;
;          |lpm_divide_kbm:auto_generated|  ; 137 (0)             ; 0 (0)                     ; 0                 ; 0          ; 0    ; 0            ; |p_11_2|seg_controler:seg_control|lpm_divide:Div2|lpm_divide_kbm:auto_generated                                                   ; lpm_divide_kbm      ; work         ;
;             |sign_div_unsign_qlh:divider| ; 137 (0)             ; 0 (0)                     ; 0                 ; 0          ; 0    ; 0            ; |p_11_2|seg_controler:seg_control|lpm_divide:Div2|lpm_divide_kbm:auto_generated|sign_div_unsign_qlh:divider                       ; sign_div_unsign_qlh ; work         ;
;                |alt_u_div_qve:divider|    ; 137 (137)           ; 0 (0)                     ; 0                 ; 0          ; 0    ; 0            ; |p_11_2|seg_controler:seg_control|lpm_divide:Div2|lpm_divide_kbm:auto_generated|sign_div_unsign_qlh:divider|alt_u_div_qve:divider ; alt_u_div_qve       ; work         ;
;       |lpm_divide:Mod0|                   ; 141 (0)             ; 0 (0)                     ; 0                 ; 0          ; 0    ; 0            ; |p_11_2|seg_controler:seg_control|lpm_divide:Mod0                                                                                 ; lpm_divide          ; work         ;
;          |lpm_divide_n3m:auto_generated|  ; 141 (0)             ; 0 (0)                     ; 0                 ; 0          ; 0    ; 0            ; |p_11_2|seg_controler:seg_control|lpm_divide:Mod0|lpm_divide_n3m:auto_generated                                                   ; lpm_divide_n3m      ; work         ;
;             |sign_div_unsign_qlh:divider| ; 141 (0)             ; 0 (0)                     ; 0                 ; 0          ; 0    ; 0            ; |p_11_2|seg_controler:seg_control|lpm_divide:Mod0|lpm_divide_n3m:auto_generated|sign_div_unsign_qlh:divider                       ; sign_div_unsign_qlh ; work         ;
;                |alt_u_div_qve:divider|    ; 141 (141)           ; 0 (0)                     ; 0                 ; 0          ; 0    ; 0            ; |p_11_2|seg_controler:seg_control|lpm_divide:Mod0|lpm_divide_n3m:auto_generated|sign_div_unsign_qlh:divider|alt_u_div_qve:divider ; alt_u_div_qve       ; work         ;
;    |stateLogic:stateLogic1|               ; 6 (6)               ; 2 (2)                     ; 0                 ; 0          ; 0    ; 0            ; |p_11_2|stateLogic:stateLogic1                                                                                                    ; stateLogic          ; work         ;
+-------------------------------------------+---------------------+---------------------------+-------------------+------------+------+--------------+-----------------------------------------------------------------------------------------------------------------------------------+---------------------+--------------+
Note: For table entries with two numbers listed, the numbers in parentheses indicate the number of resources of the given type used by the specific entity alone. The numbers listed outside of parentheses indicate the total resources of the given type used by the specific entity and all of its sub-entities in the hierarchy.


+---------------------------------------------------------------------------------+
; Registers Removed During Synthesis                                              ;
+----------------------------------------+----------------------------------------+
; Register name                          ; Reason for Removal                     ;
+----------------------------------------+----------------------------------------+
; stateLogic:stateLogic1|pState[2..31]   ; Stuck at GND due to stuck port data_in ;
; Total Number of Removed Registers = 30 ;                                        ;
+----------------------------------------+----------------------------------------+


+------------------------------------------------------+
; General Register Statistics                          ;
+----------------------------------------------+-------+
; Statistic                                    ; Value ;
+----------------------------------------------+-------+
; Total registers                              ; 41    ;
; Number of registers using Synchronous Clear  ; 0     ;
; Number of registers using Synchronous Load   ; 0     ;
; Number of registers using Asynchronous Clear ; 18    ;
; Number of registers using Asynchronous Load  ; 0     ;
; Number of registers using Clock Enable       ; 16    ;
; Number of registers using Preset             ; 0     ;
+----------------------------------------------+-------+


+------------------------------------------------------------------------+
; Parameter Settings for User Entity Instance: Top-level Entity: |p_11_2 ;
+----------------+-------+-----------------------------------------------+
; Parameter Name ; Value ; Type                                          ;
+----------------+-------+-----------------------------------------------+
; N              ; 16    ; Signed Integer                                ;
+----------------+-------+-----------------------------------------------+
Note: In order to hide this table in the UI and the text report file, please set the "Show Parameter Settings in Synthesis Report" option in "Analysis and Synthesis Settings -> More Settings" to "Off".


+---------------------------------------------------------------+
; Parameter Settings for User Entity Instance: counter:counter1 ;
+----------------+-------+--------------------------------------+
; Parameter Name ; Value ; Type                                 ;
+----------------+-------+--------------------------------------+
; N              ; 16    ; Signed Integer                       ;
+----------------+-------+--------------------------------------+
Note: In order to hide this table in the UI and the text report file, please set the "Show Parameter Settings in Synthesis Report" option in "Analysis and Synthesis Settings -> More Settings" to "Off".


+------------------------------------------------------------------------+
; Parameter Settings for User Entity Instance: seg_controler:seg_control ;
+----------------+-------+-----------------------------------------------+
; Parameter Name ; Value ; Type                                          ;
+----------------+-------+-----------------------------------------------+
; N              ; 16    ; Signed Integer                                ;
+----------------+-------+-----------------------------------------------+
Note: In order to hide this table in the UI and the text report file, please set the "Show Parameter Settings in Synthesis Report" option in "Analysis and Synthesis Settings -> More Settings" to "Off".


+--------------------------------------------------------------------------------------------+
; Parameter Settings for Inferred Entity Instance: seg_controler:seg_control|lpm_divide:Mod0 ;
+------------------------+----------------+--------------------------------------------------+
; Parameter Name         ; Value          ; Type                                             ;
+------------------------+----------------+--------------------------------------------------+
; LPM_WIDTHN             ; 16             ; Untyped                                          ;
; LPM_WIDTHD             ; 4              ; Untyped                                          ;
; LPM_NREPRESENTATION    ; UNSIGNED       ; Untyped                                          ;
; LPM_DREPRESENTATION    ; UNSIGNED       ; Untyped                                          ;
; LPM_PIPELINE           ; 0              ; Untyped                                          ;
; LPM_REMAINDERPOSITIVE  ; TRUE           ; Untyped                                          ;
; MAXIMIZE_SPEED         ; 5              ; Untyped                                          ;
; CBXI_PARAMETER         ; lpm_divide_n3m ; Untyped                                          ;
; CARRY_CHAIN            ; MANUAL         ; Untyped                                          ;
; OPTIMIZE_FOR_SPEED     ; 5              ; Untyped                                          ;
; AUTO_CARRY_CHAINS      ; ON             ; AUTO_CARRY                                       ;
; IGNORE_CARRY_BUFFERS   ; OFF            ; IGNORE_CARRY                                     ;
; AUTO_CASCADE_CHAINS    ; ON             ; AUTO_CASCADE                                     ;
; IGNORE_CASCADE_BUFFERS ; OFF            ; IGNORE_CASCADE                                   ;
+------------------------+----------------+--------------------------------------------------+
Note: In order to hide this table in the UI and the text report file, please set the "Show Parameter Settings in Synthesis Report" option in "Analysis and Synthesis Settings -> More Settings" to "Off".


+--------------------------------------------------------------------------------------------+
; Parameter Settings for Inferred Entity Instance: seg_controler:seg_control|lpm_divide:Div2 ;
+------------------------+----------------+--------------------------------------------------+
; Parameter Name         ; Value          ; Type                                             ;
+------------------------+----------------+--------------------------------------------------+
; LPM_WIDTHN             ; 16             ; Untyped                                          ;
; LPM_WIDTHD             ; 4              ; Untyped                                          ;
; LPM_NREPRESENTATION    ; UNSIGNED       ; Untyped                                          ;
; LPM_DREPRESENTATION    ; UNSIGNED       ; Untyped                                          ;
; LPM_PIPELINE           ; 0              ; Untyped                                          ;
; LPM_REMAINDERPOSITIVE  ; TRUE           ; Untyped                                          ;
; MAXIMIZE_SPEED         ; 5              ; Untyped                                          ;
; CBXI_PARAMETER         ; lpm_divide_kbm ; Untyped                                          ;
; CARRY_CHAIN            ; MANUAL         ; Untyped                                          ;
; OPTIMIZE_FOR_SPEED     ; 5              ; Untyped                                          ;
; AUTO_CARRY_CHAINS      ; ON             ; AUTO_CARRY                                       ;
; IGNORE_CARRY_BUFFERS   ; OFF            ; IGNORE_CARRY                                     ;
; AUTO_CASCADE_CHAINS    ; ON             ; AUTO_CASCADE                                     ;
; IGNORE_CASCADE_BUFFERS ; OFF            ; IGNORE_CASCADE                                   ;
+------------------------+----------------+--------------------------------------------------+
Note: In order to hide this table in the UI and the text report file, please set the "Show Parameter Settings in Synthesis Report" option in "Analysis and Synthesis Settings -> More Settings" to "Off".


+--------------------------------------------------------------------------------------------+
; Parameter Settings for Inferred Entity Instance: seg_controler:seg_control|lpm_divide:Div1 ;
+------------------------+----------------+--------------------------------------------------+
; Parameter Name         ; Value          ; Type                                             ;
+------------------------+----------------+--------------------------------------------------+
; LPM_WIDTHN             ; 16             ; Untyped                                          ;
; LPM_WIDTHD             ; 7              ; Untyped                                          ;
; LPM_NREPRESENTATION    ; UNSIGNED       ; Untyped                                          ;
; LPM_DREPRESENTATION    ; UNSIGNED       ; Untyped                                          ;
; LPM_PIPELINE           ; 0              ; Untyped                                          ;
; LPM_REMAINDERPOSITIVE  ; TRUE           ; Untyped                                          ;
; MAXIMIZE_SPEED         ; 5              ; Untyped                                          ;
; CBXI_PARAMETER         ; lpm_divide_nbm ; Untyped                                          ;
; CARRY_CHAIN            ; MANUAL         ; Untyped                                          ;
; OPTIMIZE_FOR_SPEED     ; 5              ; Untyped                                          ;
; AUTO_CARRY_CHAINS      ; ON             ; AUTO_CARRY                                       ;
; IGNORE_CARRY_BUFFERS   ; OFF            ; IGNORE_CARRY                                     ;
; AUTO_CASCADE_CHAINS    ; ON             ; AUTO_CASCADE                                     ;
; IGNORE_CASCADE_BUFFERS ; OFF            ; IGNORE_CASCADE                                   ;
+------------------------+----------------+--------------------------------------------------+
Note: In order to hide this table in the UI and the text report file, please set the "Show Parameter Settings in Synthesis Report" option in "Analysis and Synthesis Settings -> More Settings" to "Off".


+--------------------------------------------------------------------------------------------+
; Parameter Settings for Inferred Entity Instance: seg_controler:seg_control|lpm_divide:Div0 ;
+------------------------+----------------+--------------------------------------------------+
; Parameter Name         ; Value          ; Type                                             ;
+------------------------+----------------+--------------------------------------------------+
; LPM_WIDTHN             ; 16             ; Untyped                                          ;
; LPM_WIDTHD             ; 10             ; Untyped                                          ;
; LPM_NREPRESENTATION    ; UNSIGNED       ; Untyped                                          ;
; LPM_DREPRESENTATION    ; UNSIGNED       ; Untyped                                          ;
; LPM_PIPELINE           ; 0              ; Untyped                                          ;
; LPM_REMAINDERPOSITIVE  ; TRUE           ; Untyped                                          ;
; MAXIMIZE_SPEED         ; 5              ; Untyped                                          ;
; CBXI_PARAMETER         ; lpm_divide_1dm ; Untyped                                          ;
; CARRY_CHAIN            ; MANUAL         ; Untyped                                          ;
; OPTIMIZE_FOR_SPEED     ; 5              ; Untyped                                          ;
; AUTO_CARRY_CHAINS      ; ON             ; AUTO_CARRY                                       ;
; IGNORE_CARRY_BUFFERS   ; OFF            ; IGNORE_CARRY                                     ;
; AUTO_CASCADE_CHAINS    ; ON             ; AUTO_CASCADE                                     ;
; IGNORE_CASCADE_BUFFERS ; OFF            ; IGNORE_CASCADE                                   ;
+------------------------+----------------+--------------------------------------------------+
Note: In order to hide this table in the UI and the text report file, please set the "Show Parameter Settings in Synthesis Report" option in "Analysis and Synthesis Settings -> More Settings" to "Off".


+-----------------------------------------------------+
; Post-Synthesis Netlist Statistics for Top Partition ;
+-----------------------+-----------------------------+
; Type                  ; Count                       ;
+-----------------------+-----------------------------+
; arriav_ff             ; 41                          ;
;     CLR               ; 2                           ;
;     ENA CLR           ; 16                          ;
;     plain             ; 23                          ;
; arriav_lcell_comb     ; 694                         ;
;     arith             ; 351                         ;
;         0 data inputs ; 78                          ;
;         1 data inputs ; 53                          ;
;         2 data inputs ; 13                          ;
;         3 data inputs ; 141                         ;
;         4 data inputs ; 66                          ;
;     normal            ; 314                         ;
;         1 data inputs ; 29                          ;
;         2 data inputs ; 155                         ;
;         3 data inputs ; 78                          ;
;         4 data inputs ; 47                          ;
;         5 data inputs ; 5                           ;
;     shared            ; 29                          ;
;         0 data inputs ; 4                           ;
;         1 data inputs ; 25                          ;
; boundary_port         ; 37                          ;
;                       ;                             ;
; Max LUT depth         ; 22.10                       ;
; Average LUT depth     ; 16.57                       ;
+-----------------------+-----------------------------+


+-------------------------------+
; Elapsed Time Per Partition    ;
+----------------+--------------+
; Partition Name ; Elapsed Time ;
+----------------+--------------+
; Top            ; 00:00:01     ;
+----------------+--------------+


+-------------------------------+
; Analysis & Synthesis Messages ;
+-------------------------------+
Info: *******************************************************************
Info: Running Quartus Prime Analysis & Synthesis
    Info: Version 22.1std.1 Build 917 02/14/2023 SC Lite Edition
    Info: Processing started: Sat Dec  9 21:06:50 2023
Info: Command: quartus_map --read_settings_files=on --write_settings_files=off p_11_2 -c p_11_2
Warning (18236): Number of processors has not been specified which may cause overloading on shared machines.  Set the global assignment NUM_PARALLEL_PROCESSORS in your QSF to an appropriate value for best performance.
Info (20030): Parallel compilation is enabled and will use 6 of the 6 processors detected
Info (12021): Found 5 design units, including 5 entities, in source file p_11_2.sv
    Info (12023): Found entity 1: p_11_2 File: C:/Users/SFI19/Downloads/FPGA/11/11.2/p_11_2.sv Line: 2
    Info (12023): Found entity 2: counter File: C:/Users/SFI19/Downloads/FPGA/11/11.2/p_11_2.sv Line: 47
    Info (12023): Found entity 3: stateLogic File: C:/Users/SFI19/Downloads/FPGA/11/11.2/p_11_2.sv Line: 64
    Info (12023): Found entity 4: seg_controler File: C:/Users/SFI19/Downloads/FPGA/11/11.2/p_11_2.sv Line: 124
    Info (12023): Found entity 5: Clock_Divider File: C:/Users/SFI19/Downloads/FPGA/11/11.2/p_11_2.sv Line: 212
Info (12127): Elaborating entity "p_11_2" for the top level hierarchy
Info (12128): Elaborating entity "Clock_Divider" for hierarchy "Clock_Divider:clk1" File: C:/Users/SFI19/Downloads/FPGA/11/11.2/p_11_2.sv Line: 18
Info (12128): Elaborating entity "stateLogic" for hierarchy "stateLogic:stateLogic1" File: C:/Users/SFI19/Downloads/FPGA/11/11.2/p_11_2.sv Line: 28
Info (12128): Elaborating entity "counter" for hierarchy "counter:counter1" File: C:/Users/SFI19/Downloads/FPGA/11/11.2/p_11_2.sv Line: 35
Warning (10230): Verilog HDL assignment warning at p_11_2.sv(59): truncated value with size 32 to match size of target (16) File: C:/Users/SFI19/Downloads/FPGA/11/11.2/p_11_2.sv Line: 59
Info (12128): Elaborating entity "seg_controler" for hierarchy "seg_controler:seg_control" File: C:/Users/SFI19/Downloads/FPGA/11/11.2/p_11_2.sv Line: 43
Warning (10230): Verilog HDL assignment warning at p_11_2.sv(151): truncated value with size 32 to match size of target (4) File: C:/Users/SFI19/Downloads/FPGA/11/11.2/p_11_2.sv Line: 151
Warning (10230): Verilog HDL assignment warning at p_11_2.sv(152): truncated value with size 32 to match size of target (4) File: C:/Users/SFI19/Downloads/FPGA/11/11.2/p_11_2.sv Line: 152
Warning (10230): Verilog HDL assignment warning at p_11_2.sv(153): truncated value with size 32 to match size of target (4) File: C:/Users/SFI19/Downloads/FPGA/11/11.2/p_11_2.sv Line: 153
Warning (10230): Verilog HDL assignment warning at p_11_2.sv(154): truncated value with size 32 to match size of target (4) File: C:/Users/SFI19/Downloads/FPGA/11/11.2/p_11_2.sv Line: 154
Info (278001): Inferred 4 megafunctions from design logic
    Info (278004): Inferred divider/modulo megafunction ("lpm_divide") from the following logic: "seg_controler:seg_control|Mod0" File: C:/Users/SFI19/Downloads/FPGA/11/11.2/p_11_2.sv Line: 154
    Info (278004): Inferred divider/modulo megafunction ("lpm_divide") from the following logic: "seg_controler:seg_control|Div2" File: C:/Users/SFI19/Downloads/FPGA/11/11.2/p_11_2.sv Line: 153
    Info (278004): Inferred divider/modulo megafunction ("lpm_divide") from the following logic: "seg_controler:seg_control|Div1" File: C:/Users/SFI19/Downloads/FPGA/11/11.2/p_11_2.sv Line: 152
    Info (278004): Inferred divider/modulo megafunction ("lpm_divide") from the following logic: "seg_controler:seg_control|Div0" File: C:/Users/SFI19/Downloads/FPGA/11/11.2/p_11_2.sv Line: 151
Info (12130): Elaborated megafunction instantiation "seg_controler:seg_control|lpm_divide:Mod0" File: C:/Users/SFI19/Downloads/FPGA/11/11.2/p_11_2.sv Line: 154
Info (12133): Instantiated megafunction "seg_controler:seg_control|lpm_divide:Mod0" with the following parameter: File: C:/Users/SFI19/Downloads/FPGA/11/11.2/p_11_2.sv Line: 154
    Info (12134): Parameter "LPM_WIDTHN" = "16"
    Info (12134): Parameter "LPM_WIDTHD" = "4"
    Info (12134): Parameter "LPM_NREPRESENTATION" = "UNSIGNED"
    Info (12134): Parameter "LPM_DREPRESENTATION" = "UNSIGNED"
Info (12021): Found 1 design units, including 1 entities, in source file db/lpm_divide_n3m.tdf
    Info (12023): Found entity 1: lpm_divide_n3m File: C:/Users/SFI19/Downloads/FPGA/11/11.2/db/lpm_divide_n3m.tdf Line: 25
Info (12021): Found 1 design units, including 1 entities, in source file db/sign_div_unsign_qlh.tdf
    Info (12023): Found entity 1: sign_div_unsign_qlh File: C:/Users/SFI19/Downloads/FPGA/11/11.2/db/sign_div_unsign_qlh.tdf Line: 25
Info (12021): Found 1 design units, including 1 entities, in source file db/alt_u_div_qve.tdf
    Info (12023): Found entity 1: alt_u_div_qve File: C:/Users/SFI19/Downloads/FPGA/11/11.2/db/alt_u_div_qve.tdf Line: 23
Info (12130): Elaborated megafunction instantiation "seg_controler:seg_control|lpm_divide:Div2" File: C:/Users/SFI19/Downloads/FPGA/11/11.2/p_11_2.sv Line: 153
Info (12133): Instantiated megafunction "seg_controler:seg_control|lpm_divide:Div2" with the following parameter: File: C:/Users/SFI19/Downloads/FPGA/11/11.2/p_11_2.sv Line: 153
    Info (12134): Parameter "LPM_WIDTHN" = "16"
    Info (12134): Parameter "LPM_WIDTHD" = "4"
    Info (12134): Parameter "LPM_NREPRESENTATION" = "UNSIGNED"
    Info (12134): Parameter "LPM_DREPRESENTATION" = "UNSIGNED"
Info (12021): Found 1 design units, including 1 entities, in source file db/lpm_divide_kbm.tdf
    Info (12023): Found entity 1: lpm_divide_kbm File: C:/Users/SFI19/Downloads/FPGA/11/11.2/db/lpm_divide_kbm.tdf Line: 25
Info (12130): Elaborated megafunction instantiation "seg_controler:seg_control|lpm_divide:Div1" File: C:/Users/SFI19/Downloads/FPGA/11/11.2/p_11_2.sv Line: 152
Info (12133): Instantiated megafunction "seg_controler:seg_control|lpm_divide:Div1" with the following parameter: File: C:/Users/SFI19/Downloads/FPGA/11/11.2/p_11_2.sv Line: 152
    Info (12134): Parameter "LPM_WIDTHN" = "16"
    Info (12134): Parameter "LPM_WIDTHD" = "7"
    Info (12134): Parameter "LPM_NREPRESENTATION" = "UNSIGNED"
    Info (12134): Parameter "LPM_DREPRESENTATION" = "UNSIGNED"
Info (12021): Found 1 design units, including 1 entities, in source file db/lpm_divide_nbm.tdf
    Info (12023): Found entity 1: lpm_divide_nbm File: C:/Users/SFI19/Downloads/FPGA/11/11.2/db/lpm_divide_nbm.tdf Line: 25
Info (12021): Found 1 design units, including 1 entities, in source file db/sign_div_unsign_tlh.tdf
    Info (12023): Found entity 1: sign_div_unsign_tlh File: C:/Users/SFI19/Downloads/FPGA/11/11.2/db/sign_div_unsign_tlh.tdf Line: 25
Info (12021): Found 1 design units, including 1 entities, in source file db/alt_u_div_00f.tdf
    Info (12023): Found entity 1: alt_u_div_00f File: C:/Users/SFI19/Downloads/FPGA/11/11.2/db/alt_u_div_00f.tdf Line: 23
Info (12130): Elaborated megafunction instantiation "seg_controler:seg_control|lpm_divide:Div0" File: C:/Users/SFI19/Downloads/FPGA/11/11.2/p_11_2.sv Line: 151
Info (12133): Instantiated megafunction "seg_controler:seg_control|lpm_divide:Div0" with the following parameter: File: C:/Users/SFI19/Downloads/FPGA/11/11.2/p_11_2.sv Line: 151
    Info (12134): Parameter "LPM_WIDTHN" = "16"
    Info (12134): Parameter "LPM_WIDTHD" = "10"
    Info (12134): Parameter "LPM_NREPRESENTATION" = "UNSIGNED"
    Info (12134): Parameter "LPM_DREPRESENTATION" = "UNSIGNED"
Info (12021): Found 1 design units, including 1 entities, in source file db/lpm_divide_1dm.tdf
    Info (12023): Found entity 1: lpm_divide_1dm File: C:/Users/SFI19/Downloads/FPGA/11/11.2/db/lpm_divide_1dm.tdf Line: 25
Info (12021): Found 1 design units, including 1 entities, in source file db/sign_div_unsign_7nh.tdf
    Info (12023): Found entity 1: sign_div_unsign_7nh File: C:/Users/SFI19/Downloads/FPGA/11/11.2/db/sign_div_unsign_7nh.tdf Line: 25
Info (12021): Found 1 design units, including 1 entities, in source file db/alt_u_div_k2f.tdf
    Info (12023): Found entity 1: alt_u_div_k2f File: C:/Users/SFI19/Downloads/FPGA/11/11.2/db/alt_u_div_k2f.tdf Line: 23
Info (286030): Timing-Driven Synthesis is running
Info (16010): Generating hard_block partition "hard_block:auto_generated_inst"
    Info (16011): Adding 0 node(s), including 0 DDIO, 0 PLL, 0 transceiver and 0 LCELL
Info (21057): Implemented 726 device resources after synthesis - the final resource count might be different
    Info (21058): Implemented 5 input pins
    Info (21059): Implemented 32 output pins
    Info (21061): Implemented 689 logic cells
Info: Quartus Prime Analysis & Synthesis was successful. 0 errors, 6 warnings
    Info: Peak virtual memory: 4896 megabytes
    Info: Processing ended: Sat Dec  9 21:07:01 2023
    Info: Elapsed time: 00:00:11
    Info: Total CPU time (on all processors): 00:00:19


